[debug] [2020-11-25T02:28:54.359Z] ----------------------------------------------------------------------
[debug] [2020-11-25T02:28:54.361Z] Command:       /usr/local/bin/node /usr/local/bin/firebase emulators:start
[debug] [2020-11-25T02:28:54.362Z] CLI Version:   8.14.1
[debug] [2020-11-25T02:28:54.362Z] Platform:      darwin
[debug] [2020-11-25T02:28:54.362Z] Node Version:  v12.4.0
[debug] [2020-11-25T02:28:54.366Z] Time:          Tue Nov 24 2020 21:28:54 GMT-0500 (Eastern Standard Time)
[debug] [2020-11-25T02:28:54.366Z] ----------------------------------------------------------------------
[debug] [2020-11-25T02:28:54.367Z] 
[debug] [2020-11-25T02:28:54.384Z] > command requires scopes: ["email","openid","https://www.googleapis.com/auth/cloudplatformprojects.readonly","https://www.googleapis.com/auth/firebase","https://www.googleapis.com/auth/cloud-platform"]
[debug] [2020-11-25T02:28:54.385Z] > authorizing via signed-in user
[info] i  emulators: Starting emulators: functions {"metadata":{"emulator":{"name":"hub"},"message":"Starting emulators: functions"}}
[debug] [2020-11-25T02:28:54.445Z] [hub] writing locator at /var/folders/fp/0kwqj84n02g2pvctzpv_59jc0000gn/T/hub-macarons-store.json
[warn] ⚠  functions: The following emulators are not running, calls to these services from the Functions emulator will affect production: auth, firestore, database, hosting, pubsub {"metadata":{"emulator":{"name":"functions"},"message":"The following emulators are not running, calls to these services from the Functions emulator will affect production: \u001b[1mauth, firestore, database, hosting, pubsub\u001b[22m"}}
[info] ✔  functions: Using node@12 from host. {"metadata":{"emulator":{"name":"functions"},"message":"Using node@12 from host."}}
[debug] [2020-11-25T02:28:54.521Z] defaultcredentials: writing to file /Users/magdalenacbaran/.config/firebase/magdab_78b_gmail.com_application_default_credentials.json
[debug] [2020-11-25T02:28:54.558Z] Setting GAC to /Users/magdalenacbaran/.config/firebase/magdab_78b_gmail.com_application_default_credentials.json {"metadata":{"emulator":{"name":"functions"},"message":"Setting GAC to /Users/magdalenacbaran/.config/firebase/magdab_78b_gmail.com_application_default_credentials.json"}}
[debug] [2020-11-25T02:28:54.623Z] Ignoring unsupported arg: auto_download {"metadata":{"emulator":{"name":"ui"},"message":"Ignoring unsupported arg: auto_download"}}
[debug] [2020-11-25T02:28:54.624Z] Ignoring unsupported arg: port {"metadata":{"emulator":{"name":"ui"},"message":"Ignoring unsupported arg: port"}}
[debug] [2020-11-25T02:28:54.624Z] Starting Emulator UI with command {"binary":"node","args":["/Users/magdalenacbaran/.cache/firebase/emulators/ui-v1.2.2/server.bundle.js"],"optionalArgs":[],"joinArgs":false} {"metadata":{"emulator":{"name":"ui"},"message":"Starting Emulator UI with command {\"binary\":\"node\",\"args\":[\"/Users/magdalenacbaran/.cache/firebase/emulators/ui-v1.2.2/server.bundle.js\"],\"optionalArgs\":[],\"joinArgs\":false}"}}
[info] i  ui: Emulator UI logging to ui-debug.log {"metadata":{"emulator":{"name":"ui"},"message":"Emulator UI logging to \u001b[1mui-debug.log\u001b[22m"}}
[debug] [2020-11-25T02:28:54.887Z] Web / API server started at http://localhost:4000
 {"metadata":{"emulator":{"name":"ui"},"message":"Web / API server started at http://localhost:4000\n"}}
[info] i  functions: Watching "/Users/magdalenacbaran/Desktop/udemy/myProjects/resume/React/macaron-store/macarons/functions" for Cloud Functions... {"metadata":{"emulator":{"name":"functions"},"message":"Watching \"/Users/magdalenacbaran/Desktop/udemy/myProjects/resume/React/macaron-store/macarons/functions\" for Cloud Functions..."}}
[debug] [2020-11-25T02:28:54.932Z] [worker-pool] addWorker(~diagnostic~) {"metadata":{"emulator":{"name":"functions"},"message":"[worker-pool] addWorker(~diagnostic~)"}}
[debug] [2020-11-25T02:28:54.932Z] [worker-pool] Adding worker with key ~diagnostic~, total=1 {"metadata":{"emulator":{"name":"functions"},"message":"[worker-pool] Adding worker with key ~diagnostic~, total=1"}}
[debug] [2020-11-25T02:28:54.932Z] [worker-pool] submitWork(triggerId=) {"metadata":{"emulator":{"name":"functions"},"message":"[worker-pool] submitWork(triggerId=)"}}
[debug] [2020-11-25T02:28:54.933Z] [worker-~diagnostic~-0a075cae-a207-4609-984c-3847efdcb4f9]: Assigning socketPath: /var/folders/fp/0kwqj84n02g2pvctzpv_59jc0000gn/T/fire_emu_36721.sock {"metadata":{"emulator":{"name":"functions"},"message":"[worker-~diagnostic~-0a075cae-a207-4609-984c-3847efdcb4f9]: Assigning socketPath: /var/folders/fp/0kwqj84n02g2pvctzpv_59jc0000gn/T/fire_emu_36721.sock"}}
[debug] [2020-11-25T02:28:54.933Z] [worker-~diagnostic~-0a075cae-a207-4609-984c-3847efdcb4f9]: BUSY {"metadata":{"emulator":{"name":"functions"},"message":"[worker-~diagnostic~-0a075cae-a207-4609-984c-3847efdcb4f9]: BUSY"}}
[debug] [2020-11-25T02:28:55.602Z] [runtime-status] [36721] Functions runtime initialized. {"cwd":"/Users/magdalenacbaran/Desktop/udemy/myProjects/resume/React/macaron-store/macarons/functions","node_version":"12.4.0"} {"metadata":{"emulator":{"name":"functions"},"message":"[runtime-status] [36721] Functions runtime initialized. {\"cwd\":\"/Users/magdalenacbaran/Desktop/udemy/myProjects/resume/React/macaron-store/macarons/functions\",\"node_version\":\"12.4.0\"}"}}
[debug] [2020-11-25T02:28:55.607Z] [runtime-status] [36721] Disabled runtime features: undefined {"metadata":{"emulator":{"name":"functions"},"message":"[runtime-status] [36721] Disabled runtime features: undefined"}}
[debug] [2020-11-25T02:28:55.620Z] [runtime-status] [36721] Resolved module firebase-admin {"declared":true,"installed":true,"version":"9.4.1","resolution":"/Users/magdalenacbaran/Desktop/udemy/myProjects/resume/React/macaron-store/macarons/functions/node_modules/firebase-admin/lib/index.js"} {"metadata":{"emulator":{"name":"functions"},"message":"[runtime-status] [36721] Resolved module firebase-admin {\"declared\":true,\"installed\":true,\"version\":\"9.4.1\",\"resolution\":\"/Users/magdalenacbaran/Desktop/udemy/myProjects/resume/React/macaron-store/macarons/functions/node_modules/firebase-admin/lib/index.js\"}"}}
[debug] [2020-11-25T02:28:55.625Z] [runtime-status] [36721] Resolved module firebase-functions {"declared":true,"installed":true,"version":"3.11.0","resolution":"/Users/magdalenacbaran/Desktop/udemy/myProjects/resume/React/macaron-store/macarons/functions/node_modules/firebase-functions/lib/index.js"} {"metadata":{"emulator":{"name":"functions"},"message":"[runtime-status] [36721] Resolved module firebase-functions {\"declared\":true,\"installed\":true,\"version\":\"3.11.0\",\"resolution\":\"/Users/magdalenacbaran/Desktop/udemy/myProjects/resume/React/macaron-store/macarons/functions/node_modules/firebase-functions/lib/index.js\"}"}}
[debug] [2020-11-25T02:28:55.626Z] [runtime-status] [36721] Resolved module firebase-functions {"declared":true,"installed":true,"version":"3.11.0","resolution":"/Users/magdalenacbaran/Desktop/udemy/myProjects/resume/React/macaron-store/macarons/functions/node_modules/firebase-functions/lib/index.js"} {"metadata":{"emulator":{"name":"functions"},"message":"[runtime-status] [36721] Resolved module firebase-functions {\"declared\":true,\"installed\":true,\"version\":\"3.11.0\",\"resolution\":\"/Users/magdalenacbaran/Desktop/udemy/myProjects/resume/React/macaron-store/macarons/functions/node_modules/firebase-functions/lib/index.js\"}"}}
[debug] [2020-11-25T02:28:55.629Z] [runtime-status] [36721] Outgoing network have been stubbed. [{"name":"http","status":"mocked"},{"name":"http","status":"mocked"},{"name":"https","status":"mocked"},{"name":"https","status":"mocked"},{"name":"net","status":"mocked"}] {"metadata":{"emulator":{"name":"functions"},"message":"[runtime-status] [36721] Outgoing network have been stubbed. [{\"name\":\"http\",\"status\":\"mocked\"},{\"name\":\"http\",\"status\":\"mocked\"},{\"name\":\"https\",\"status\":\"mocked\"},{\"name\":\"https\",\"status\":\"mocked\"},{\"name\":\"net\",\"status\":\"mocked\"}]"}}
[debug] [2020-11-25T02:28:55.633Z] [runtime-status] [36721] Resolved module firebase-functions {"declared":true,"installed":true,"version":"3.11.0","resolution":"/Users/magdalenacbaran/Desktop/udemy/myProjects/resume/React/macaron-store/macarons/functions/node_modules/firebase-functions/lib/index.js"} {"metadata":{"emulator":{"name":"functions"},"message":"[runtime-status] [36721] Resolved module firebase-functions {\"declared\":true,\"installed\":true,\"version\":\"3.11.0\",\"resolution\":\"/Users/magdalenacbaran/Desktop/udemy/myProjects/resume/React/macaron-store/macarons/functions/node_modules/firebase-functions/lib/index.js\"}"}}
[debug] [2020-11-25T02:28:55.746Z] [runtime-status] [36721] Checked functions.config() {"config":{}} {"metadata":{"emulator":{"name":"functions"},"message":"[runtime-status] [36721] Checked functions.config() {\"config\":{}}"}}
[debug] [2020-11-25T02:28:55.749Z] [runtime-status] [36721] firebase-functions has been stubbed. {"functionsResolution":{"declared":true,"installed":true,"version":"3.11.0","resolution":"/Users/magdalenacbaran/Desktop/udemy/myProjects/resume/React/macaron-store/macarons/functions/node_modules/firebase-functions/lib/index.js"}} {"metadata":{"emulator":{"name":"functions"},"message":"[runtime-status] [36721] firebase-functions has been stubbed. {\"functionsResolution\":{\"declared\":true,\"installed\":true,\"version\":\"3.11.0\",\"resolution\":\"/Users/magdalenacbaran/Desktop/udemy/myProjects/resume/React/macaron-store/macarons/functions/node_modules/firebase-functions/lib/index.js\"}}"}}
[debug] [2020-11-25T02:28:55.750Z] [runtime-status] [36721] Resolved module firebase-functions {"declared":true,"installed":true,"version":"3.11.0","resolution":"/Users/magdalenacbaran/Desktop/udemy/myProjects/resume/React/macaron-store/macarons/functions/node_modules/firebase-functions/lib/index.js"} {"metadata":{"emulator":{"name":"functions"},"message":"[runtime-status] [36721] Resolved module firebase-functions {\"declared\":true,\"installed\":true,\"version\":\"3.11.0\",\"resolution\":\"/Users/magdalenacbaran/Desktop/udemy/myProjects/resume/React/macaron-store/macarons/functions/node_modules/firebase-functions/lib/index.js\"}"}}
[debug] [2020-11-25T02:28:55.752Z] [runtime-status] [36721] Resolved module firebase-admin {"declared":true,"installed":true,"version":"9.4.1","resolution":"/Users/magdalenacbaran/Desktop/udemy/myProjects/resume/React/macaron-store/macarons/functions/node_modules/firebase-admin/lib/index.js"} {"metadata":{"emulator":{"name":"functions"},"message":"[runtime-status] [36721] Resolved module firebase-admin {\"declared\":true,\"installed\":true,\"version\":\"9.4.1\",\"resolution\":\"/Users/magdalenacbaran/Desktop/udemy/myProjects/resume/React/macaron-store/macarons/functions/node_modules/firebase-admin/lib/index.js\"}"}}
[debug] [2020-11-25T02:28:55.753Z] [runtime-status] [36721] Resolved module firebase-functions {"declared":true,"installed":true,"version":"3.11.0","resolution":"/Users/magdalenacbaran/Desktop/udemy/myProjects/resume/React/macaron-store/macarons/functions/node_modules/firebase-functions/lib/index.js"} {"metadata":{"emulator":{"name":"functions"},"message":"[runtime-status] [36721] Resolved module firebase-functions {\"declared\":true,\"installed\":true,\"version\":\"3.11.0\",\"resolution\":\"/Users/magdalenacbaran/Desktop/udemy/myProjects/resume/React/macaron-store/macarons/functions/node_modules/firebase-functions/lib/index.js\"}"}}
[debug] [2020-11-25T02:28:55.753Z] [runtime-status] [36721] firebase-admin has been stubbed. {"adminResolution":{"declared":true,"installed":true,"version":"9.4.1","resolution":"/Users/magdalenacbaran/Desktop/udemy/myProjects/resume/React/macaron-store/macarons/functions/node_modules/firebase-admin/lib/index.js"}} {"metadata":{"emulator":{"name":"functions"},"message":"[runtime-status] [36721] firebase-admin has been stubbed. {\"adminResolution\":{\"declared\":true,\"installed\":true,\"version\":\"9.4.1\",\"resolution\":\"/Users/magdalenacbaran/Desktop/udemy/myProjects/resume/React/macaron-store/macarons/functions/node_modules/firebase-admin/lib/index.js\"}}"}}
[info] ✔  functions[api]: http function initialized (http://localhost:5001/macarons-store/us-central1/api). {"metadata":{"emulator":{"name":"functions"},"message":"\u001b[1mhttp\u001b[22m function initialized (http://localhost:5001/macarons-store/us-central1/api)."}}
[info] 
┌───────────────────────────────────────────────────────────────────────┐
│ ✔  All emulators ready! View status and logs at http://localhost:4000 │
└───────────────────────────────────────────────────────────────────────┘

┌───────────┬────────────────┬─────────────────────────────────┐
│ Emulator  │ Host:Port      │ View in Emulator UI             │
├───────────┼────────────────┼─────────────────────────────────┤
│ Functions │ localhost:5001 │ http://localhost:4000/functions │
└───────────┴────────────────┴─────────────────────────────────┘
  Other reserved ports: 4400, 4500

Issues? Report them at https://github.com/firebase/firebase-tools/issues and attach the *-debug.log files.
 
[debug] [2020-11-25T02:28:56.109Z] [worker-~diagnostic~-0a075cae-a207-4609-984c-3847efdcb4f9]: IDLE {"metadata":{"emulator":{"name":"functions"},"message":"[worker-~diagnostic~-0a075cae-a207-4609-984c-3847efdcb4f9]: IDLE"}}
[debug] [2020-11-25T02:29:55.234Z] [work-queue] {"queueLength":1,"workRunningCount":0}
[debug] [2020-11-25T02:29:55.235Z] [work-queue] {"queueLength":0,"workRunningCount":1}
[debug] [2020-11-25T02:29:55.236Z] Accepted request POST /macarons-store/us-central1/api/checkout/create?total=2598 --> api
[debug] [2020-11-25T02:29:55.266Z] [worker-pool] addWorker(api) {"metadata":{"emulator":{"name":"functions"},"message":"[worker-pool] addWorker(api)"}}
[debug] [2020-11-25T02:29:55.267Z] [worker-pool] Adding worker with key api, total=1 {"metadata":{"emulator":{"name":"functions"},"message":"[worker-pool] Adding worker with key api, total=1"}}
[debug] [2020-11-25T02:29:55.268Z] [worker-pool] submitWork(triggerId=api) {"metadata":{"emulator":{"name":"functions"},"message":"[worker-pool] submitWork(triggerId=api)"}}
[debug] [2020-11-25T02:29:55.271Z] [worker-api-e5ffb2d6-760e-495a-81e0-1fb094d9f2ea]: Assigning socketPath: /var/folders/fp/0kwqj84n02g2pvctzpv_59jc0000gn/T/fire_emu_36737.sock {"metadata":{"emulator":{"name":"functions"},"message":"[worker-api-e5ffb2d6-760e-495a-81e0-1fb094d9f2ea]: Assigning socketPath: /var/folders/fp/0kwqj84n02g2pvctzpv_59jc0000gn/T/fire_emu_36737.sock"}}
[debug] [2020-11-25T02:29:55.272Z] [worker-api-e5ffb2d6-760e-495a-81e0-1fb094d9f2ea]: BUSY {"metadata":{"emulator":{"name":"functions"},"message":"[worker-api-e5ffb2d6-760e-495a-81e0-1fb094d9f2ea]: BUSY"}}
[debug] [2020-11-25T02:29:56.750Z] [runtime-status] [36737] Functions runtime initialized. {"cwd":"/Users/magdalenacbaran/Desktop/udemy/myProjects/resume/React/macaron-store/macarons/functions","node_version":"12.4.0"} {"metadata":{"emulator":{"name":"functions"},"function":{"name":"api"},"message":"[runtime-status] [36737] Functions runtime initialized. {\"cwd\":\"/Users/magdalenacbaran/Desktop/udemy/myProjects/resume/React/macaron-store/macarons/functions\",\"node_version\":\"12.4.0\"}"}}
[debug] [2020-11-25T02:29:56.751Z] [runtime-status] [36737] Disabled runtime features: undefined {"metadata":{"emulator":{"name":"functions"},"function":{"name":"api"},"message":"[runtime-status] [36737] Disabled runtime features: undefined"}}
[debug] [2020-11-25T02:29:56.758Z] [runtime-status] [36737] Resolved module firebase-admin {"declared":true,"installed":true,"version":"9.4.1","resolution":"/Users/magdalenacbaran/Desktop/udemy/myProjects/resume/React/macaron-store/macarons/functions/node_modules/firebase-admin/lib/index.js"} {"metadata":{"emulator":{"name":"functions"},"function":{"name":"api"},"message":"[runtime-status] [36737] Resolved module firebase-admin {\"declared\":true,\"installed\":true,\"version\":\"9.4.1\",\"resolution\":\"/Users/magdalenacbaran/Desktop/udemy/myProjects/resume/React/macaron-store/macarons/functions/node_modules/firebase-admin/lib/index.js\"}"}}
[debug] [2020-11-25T02:29:56.762Z] [runtime-status] [36737] Resolved module firebase-functions {"declared":true,"installed":true,"version":"3.11.0","resolution":"/Users/magdalenacbaran/Desktop/udemy/myProjects/resume/React/macaron-store/macarons/functions/node_modules/firebase-functions/lib/index.js"} {"metadata":{"emulator":{"name":"functions"},"function":{"name":"api"},"message":"[runtime-status] [36737] Resolved module firebase-functions {\"declared\":true,\"installed\":true,\"version\":\"3.11.0\",\"resolution\":\"/Users/magdalenacbaran/Desktop/udemy/myProjects/resume/React/macaron-store/macarons/functions/node_modules/firebase-functions/lib/index.js\"}"}}
[debug] [2020-11-25T02:29:56.763Z] [runtime-status] [36737] Resolved module firebase-functions {"declared":true,"installed":true,"version":"3.11.0","resolution":"/Users/magdalenacbaran/Desktop/udemy/myProjects/resume/React/macaron-store/macarons/functions/node_modules/firebase-functions/lib/index.js"} {"metadata":{"emulator":{"name":"functions"},"function":{"name":"api"},"message":"[runtime-status] [36737] Resolved module firebase-functions {\"declared\":true,\"installed\":true,\"version\":\"3.11.0\",\"resolution\":\"/Users/magdalenacbaran/Desktop/udemy/myProjects/resume/React/macaron-store/macarons/functions/node_modules/firebase-functions/lib/index.js\"}"}}
[debug] [2020-11-25T02:29:56.766Z] [runtime-status] [36737] Outgoing network have been stubbed. [{"name":"http","status":"mocked"},{"name":"http","status":"mocked"},{"name":"https","status":"mocked"},{"name":"https","status":"mocked"},{"name":"net","status":"mocked"}] {"metadata":{"emulator":{"name":"functions"},"function":{"name":"api"},"message":"[runtime-status] [36737] Outgoing network have been stubbed. [{\"name\":\"http\",\"status\":\"mocked\"},{\"name\":\"http\",\"status\":\"mocked\"},{\"name\":\"https\",\"status\":\"mocked\"},{\"name\":\"https\",\"status\":\"mocked\"},{\"name\":\"net\",\"status\":\"mocked\"}]"}}
[debug] [2020-11-25T02:29:56.767Z] [runtime-status] [36737] Resolved module firebase-functions {"declared":true,"installed":true,"version":"3.11.0","resolution":"/Users/magdalenacbaran/Desktop/udemy/myProjects/resume/React/macaron-store/macarons/functions/node_modules/firebase-functions/lib/index.js"} {"metadata":{"emulator":{"name":"functions"},"function":{"name":"api"},"message":"[runtime-status] [36737] Resolved module firebase-functions {\"declared\":true,\"installed\":true,\"version\":\"3.11.0\",\"resolution\":\"/Users/magdalenacbaran/Desktop/udemy/myProjects/resume/React/macaron-store/macarons/functions/node_modules/firebase-functions/lib/index.js\"}"}}
[debug] [2020-11-25T02:29:56.874Z] [runtime-status] [36737] Checked functions.config() {"config":{}} {"metadata":{"emulator":{"name":"functions"},"function":{"name":"api"},"message":"[runtime-status] [36737] Checked functions.config() {\"config\":{}}"}}
[debug] [2020-11-25T02:29:56.875Z] [runtime-status] [36737] firebase-functions has been stubbed. {"functionsResolution":{"declared":true,"installed":true,"version":"3.11.0","resolution":"/Users/magdalenacbaran/Desktop/udemy/myProjects/resume/React/macaron-store/macarons/functions/node_modules/firebase-functions/lib/index.js"}} {"metadata":{"emulator":{"name":"functions"},"function":{"name":"api"},"message":"[runtime-status] [36737] firebase-functions has been stubbed. {\"functionsResolution\":{\"declared\":true,\"installed\":true,\"version\":\"3.11.0\",\"resolution\":\"/Users/magdalenacbaran/Desktop/udemy/myProjects/resume/React/macaron-store/macarons/functions/node_modules/firebase-functions/lib/index.js\"}}"}}
[debug] [2020-11-25T02:29:56.875Z] [runtime-status] [36737] Resolved module firebase-functions {"declared":true,"installed":true,"version":"3.11.0","resolution":"/Users/magdalenacbaran/Desktop/udemy/myProjects/resume/React/macaron-store/macarons/functions/node_modules/firebase-functions/lib/index.js"} {"metadata":{"emulator":{"name":"functions"},"function":{"name":"api"},"message":"[runtime-status] [36737] Resolved module firebase-functions {\"declared\":true,\"installed\":true,\"version\":\"3.11.0\",\"resolution\":\"/Users/magdalenacbaran/Desktop/udemy/myProjects/resume/React/macaron-store/macarons/functions/node_modules/firebase-functions/lib/index.js\"}"}}
[debug] [2020-11-25T02:29:56.876Z] [runtime-status] [36737] Resolved module firebase-admin {"declared":true,"installed":true,"version":"9.4.1","resolution":"/Users/magdalenacbaran/Desktop/udemy/myProjects/resume/React/macaron-store/macarons/functions/node_modules/firebase-admin/lib/index.js"} {"metadata":{"emulator":{"name":"functions"},"function":{"name":"api"},"message":"[runtime-status] [36737] Resolved module firebase-admin {\"declared\":true,\"installed\":true,\"version\":\"9.4.1\",\"resolution\":\"/Users/magdalenacbaran/Desktop/udemy/myProjects/resume/React/macaron-store/macarons/functions/node_modules/firebase-admin/lib/index.js\"}"}}
[debug] [2020-11-25T02:29:56.876Z] [runtime-status] [36737] Resolved module firebase-functions {"declared":true,"installed":true,"version":"3.11.0","resolution":"/Users/magdalenacbaran/Desktop/udemy/myProjects/resume/React/macaron-store/macarons/functions/node_modules/firebase-functions/lib/index.js"} {"metadata":{"emulator":{"name":"functions"},"function":{"name":"api"},"message":"[runtime-status] [36737] Resolved module firebase-functions {\"declared\":true,\"installed\":true,\"version\":\"3.11.0\",\"resolution\":\"/Users/magdalenacbaran/Desktop/udemy/myProjects/resume/React/macaron-store/macarons/functions/node_modules/firebase-functions/lib/index.js\"}"}}
[debug] [2020-11-25T02:29:56.877Z] [runtime-status] [36737] firebase-admin has been stubbed. {"adminResolution":{"declared":true,"installed":true,"version":"9.4.1","resolution":"/Users/magdalenacbaran/Desktop/udemy/myProjects/resume/React/macaron-store/macarons/functions/node_modules/firebase-admin/lib/index.js"}} {"metadata":{"emulator":{"name":"functions"},"function":{"name":"api"},"message":"[runtime-status] [36737] firebase-admin has been stubbed. {\"adminResolution\":{\"declared\":true,\"installed\":true,\"version\":\"9.4.1\",\"resolution\":\"/Users/magdalenacbaran/Desktop/udemy/myProjects/resume/React/macaron-store/macarons/functions/node_modules/firebase-admin/lib/index.js\"}}"}}
[debug] [2020-11-25T02:29:57.296Z] [runtime-status] [36737] Trigger "api" has been found, beginning invocation! {"metadata":{"emulator":{"name":"functions"},"function":{"name":"api"},"message":"[runtime-status] [36737] Trigger \"api\" has been found, beginning invocation!"}}
[info] i  functions: Beginning execution of "api" {"metadata":{"emulator":{"name":"functions"},"function":{"name":"api"},"message":"Beginning execution of \"api\""}}
[debug] [2020-11-25T02:29:57.300Z] [runtime-status] [36737] triggerDefinition {"httpsTrigger":{},"name":"api","entryPoint":"api"} {"metadata":{"emulator":{"name":"functions"},"function":{"name":"api"},"message":"[runtime-status] [36737] triggerDefinition {\"httpsTrigger\":{},\"name\":\"api\",\"entryPoint\":\"api\"}"}}
[debug] [2020-11-25T02:29:57.301Z] [runtime-status] [36737] Running api in mode HTTPS {"metadata":{"emulator":{"name":"functions"},"function":{"name":"api"},"message":"[runtime-status] [36737] Running api in mode HTTPS"}}
[debug] [2020-11-25T02:29:57.337Z] [runtime-status] [36737] Attempting to listen to socketPath: /var/folders/fp/0kwqj84n02g2pvctzpv_59jc0000gn/T/fire_emu_36737.sock {"metadata":{"emulator":{"name":"functions"},"function":{"name":"api"},"message":"[runtime-status] [36737] Attempting to listen to socketPath: /var/folders/fp/0kwqj84n02g2pvctzpv_59jc0000gn/T/fire_emu_36737.sock"}}
[debug] [2020-11-25T02:29:57.346Z] [functions] Runtime ready! Sending request! {"metadata":{"emulator":{"name":"functions"},"message":"[functions] Runtime ready! Sending request!"}}
[debug] [2020-11-25T02:29:57.374Z] [runtime-status] [36737] Ephemeral server handling POST request {"metadata":{"emulator":{"name":"functions"},"function":{"name":"api"},"message":"[runtime-status] [36737] Ephemeral server handling POST request"}}
[info] >  Payment Request Recieved BOOM!!! for this amount >>>  2598 {"user":"Payment Request Recieved BOOM!!! for this amount >>>  2598","metadata":{"emulator":{"name":"functions"},"function":{"name":"api"},"message":"\u001b[90m> \u001b[39m Payment Request Recieved BOOM!!! for this amount >>>  2598"}}
[debug] [2020-11-25T02:29:57.400Z] [runtime-status] [36737] Ephemeral server survived. {"metadata":{"emulator":{"name":"functions"},"function":{"name":"api"},"message":"[runtime-status] [36737] Ephemeral server survived."}}
[info] i  functions: Finished "api" in ~1s {"metadata":{"emulator":{"name":"functions"},"function":{"name":"api"},"message":"Finished \"api\" in ~1s"}}
[debug] [2020-11-25T02:29:57.780Z] [worker-api-e5ffb2d6-760e-495a-81e0-1fb094d9f2ea]: IDLE {"metadata":{"emulator":{"name":"functions"},"message":"[worker-api-e5ffb2d6-760e-495a-81e0-1fb094d9f2ea]: IDLE"}}
[debug] [2020-11-25T02:29:57.781Z] [work-queue] {"queueLength":0,"workRunningCount":0}
[debug] [2020-11-25T02:30:10.788Z] [work-queue] {"queueLength":1,"workRunningCount":0}
[debug] [2020-11-25T02:30:10.789Z] [work-queue] {"queueLength":0,"workRunningCount":1}
[debug] [2020-11-25T02:30:10.789Z] Accepted request POST /macarons-store/us-central1/api/checkout/create?total=0 --> api
[debug] [2020-11-25T02:30:10.789Z] [worker-pool] submitWork(triggerId=api) {"metadata":{"emulator":{"name":"functions"},"message":"[worker-pool] submitWork(triggerId=api)"}}
[debug] [2020-11-25T02:30:10.789Z] [worker-api-e5ffb2d6-760e-495a-81e0-1fb094d9f2ea]: Assigning socketPath: /var/folders/fp/0kwqj84n02g2pvctzpv_59jc0000gn/T/fire_emu_36737.sock {"metadata":{"emulator":{"name":"functions"},"message":"[worker-api-e5ffb2d6-760e-495a-81e0-1fb094d9f2ea]: Assigning socketPath: /var/folders/fp/0kwqj84n02g2pvctzpv_59jc0000gn/T/fire_emu_36737.sock"}}
[debug] [2020-11-25T02:30:10.790Z] [worker-api-e5ffb2d6-760e-495a-81e0-1fb094d9f2ea]: BUSY {"metadata":{"emulator":{"name":"functions"},"message":"[worker-api-e5ffb2d6-760e-495a-81e0-1fb094d9f2ea]: BUSY"}}
[debug] [2020-11-25T02:30:10.793Z] [runtime-status] [36737] Trigger "api" has been found, beginning invocation! {"metadata":{"emulator":{"name":"functions"},"function":{"name":"api"},"message":"[runtime-status] [36737] Trigger \"api\" has been found, beginning invocation!"}}
[info] i  functions: Beginning execution of "api" {"metadata":{"emulator":{"name":"functions"},"function":{"name":"api"},"message":"Beginning execution of \"api\""}}
[debug] [2020-11-25T02:30:10.794Z] [runtime-status] [36737] triggerDefinition {"httpsTrigger":{},"name":"api","entryPoint":"api"} {"metadata":{"emulator":{"name":"functions"},"function":{"name":"api"},"message":"[runtime-status] [36737] triggerDefinition {\"httpsTrigger\":{},\"name\":\"api\",\"entryPoint\":\"api\"}"}}
[debug] [2020-11-25T02:30:10.794Z] [runtime-status] [36737] Running api in mode HTTPS {"metadata":{"emulator":{"name":"functions"},"function":{"name":"api"},"message":"[runtime-status] [36737] Running api in mode HTTPS"}}
[debug] [2020-11-25T02:30:10.795Z] [runtime-status] [36737] Attempting to listen to socketPath: /var/folders/fp/0kwqj84n02g2pvctzpv_59jc0000gn/T/fire_emu_36737.sock {"metadata":{"emulator":{"name":"functions"},"function":{"name":"api"},"message":"[runtime-status] [36737] Attempting to listen to socketPath: /var/folders/fp/0kwqj84n02g2pvctzpv_59jc0000gn/T/fire_emu_36737.sock"}}
[debug] [2020-11-25T02:30:10.803Z] [functions] Runtime ready! Sending request! {"metadata":{"emulator":{"name":"functions"},"message":"[functions] Runtime ready! Sending request!"}}
[debug] [2020-11-25T02:30:10.812Z] [runtime-status] [36737] Ephemeral server handling POST request {"metadata":{"emulator":{"name":"functions"},"function":{"name":"api"},"message":"[runtime-status] [36737] Ephemeral server handling POST request"}}
[info] >  Payment Request Recieved BOOM!!! for this amount >>>  0 {"user":"Payment Request Recieved BOOM!!! for this amount >>>  0","metadata":{"emulator":{"name":"functions"},"function":{"name":"api"},"message":"\u001b[90m> \u001b[39m Payment Request Recieved BOOM!!! for this amount >>>  0"}}
[debug] [2020-11-25T02:30:10.814Z] [runtime-status] [36737] Ephemeral server survived. {"metadata":{"emulator":{"name":"functions"},"function":{"name":"api"},"message":"[runtime-status] [36737] Ephemeral server survived."}}
[info] >  (node:36737) UnhandledPromiseRejectionWarning: Error: This value must be greater than or equal to 1. {"user":"(node:36737) UnhandledPromiseRejectionWarning: Error: This value must be greater than or equal to 1.","metadata":{"emulator":{"name":"functions"},"function":{"name":"api"},"message":"\u001b[90m> \u001b[39m (node:36737) UnhandledPromiseRejectionWarning: Error: This value must be greater than or equal to 1."}}
[info] >      at Function.generate (/Users/magdalenacbaran/Desktop/udemy/myProjects/resume/React/macaron-store/macarons/functions/node_modules/stripe/lib/Error.js:40:16) {"user":"    at Function.generate (/Users/magdalenacbaran/Desktop/udemy/myProjects/resume/React/macaron-store/macarons/functions/node_modules/stripe/lib/Error.js:40:16)","metadata":{"emulator":{"name":"functions"},"function":{"name":"api"},"message":"\u001b[90m> \u001b[39m     at Function.generate (/Users/magdalenacbaran/Desktop/udemy/myProjects/resume/React/macaron-store/macarons/functions/node_modules/stripe/lib/Error.js:40:16)"}}
[info] >      at IncomingMessage.<anonymous> (/Users/magdalenacbaran/Desktop/udemy/myProjects/resume/React/macaron-store/macarons/functions/node_modules/stripe/lib/StripeResource.js:190:33) {"user":"    at IncomingMessage.<anonymous> (/Users/magdalenacbaran/Desktop/udemy/myProjects/resume/React/macaron-store/macarons/functions/node_modules/stripe/lib/StripeResource.js:190:33)","metadata":{"emulator":{"name":"functions"},"function":{"name":"api"},"message":"\u001b[90m> \u001b[39m     at IncomingMessage.<anonymous> (/Users/magdalenacbaran/Desktop/udemy/myProjects/resume/React/macaron-store/macarons/functions/node_modules/stripe/lib/StripeResource.js:190:33)"}}
[info] >      at Object.onceWrapper (events.js:288:20) {"user":"    at Object.onceWrapper (events.js:288:20)","metadata":{"emulator":{"name":"functions"},"function":{"name":"api"},"message":"\u001b[90m> \u001b[39m     at Object.onceWrapper (events.js:288:20)"}}
[info] >      at IncomingMessage.emit (events.js:205:15) {"user":"    at IncomingMessage.emit (events.js:205:15)","metadata":{"emulator":{"name":"functions"},"function":{"name":"api"},"message":"\u001b[90m> \u001b[39m     at IncomingMessage.emit (events.js:205:15)"}}
[info] >      at endReadableNT (_stream_readable.js:1154:12) {"user":"    at endReadableNT (_stream_readable.js:1154:12)","metadata":{"emulator":{"name":"functions"},"function":{"name":"api"},"message":"\u001b[90m> \u001b[39m     at endReadableNT (_stream_readable.js:1154:12)"}}
[info] >      at processTicksAndRejections (internal/process/task_queues.js:84:9) {"user":"    at processTicksAndRejections (internal/process/task_queues.js:84:9)","metadata":{"emulator":{"name":"functions"},"function":{"name":"api"},"message":"\u001b[90m> \u001b[39m     at processTicksAndRejections (internal/process/task_queues.js:84:9)"}}
[info] >  (node:36737) UnhandledPromiseRejectionWarning: Unhandled promise rejection. This error originated either by throwing inside of an async function without a catch block, or by rejecting a promise which was not handled with .catch(). (rejection id: 1) {"user":"(node:36737) UnhandledPromiseRejectionWarning: Unhandled promise rejection. This error originated either by throwing inside of an async function without a catch block, or by rejecting a promise which was not handled with .catch(). (rejection id: 1)","metadata":{"emulator":{"name":"functions"},"function":{"name":"api"},"message":"\u001b[90m> \u001b[39m (node:36737) UnhandledPromiseRejectionWarning: Unhandled promise rejection. This error originated either by throwing inside of an async function without a catch block, or by rejecting a promise which was not handled with .catch(). (rejection id: 1)"}}
[info] >  (node:36737) [DEP0018] DeprecationWarning: Unhandled promise rejections are deprecated. In the future, promise rejections that are not handled will terminate the Node.js process with a non-zero exit code. {"user":"(node:36737) [DEP0018] DeprecationWarning: Unhandled promise rejections are deprecated. In the future, promise rejections that are not handled will terminate the Node.js process with a non-zero exit code.","metadata":{"emulator":{"name":"functions"},"function":{"name":"api"},"message":"\u001b[90m> \u001b[39m (node:36737) [DEP0018] DeprecationWarning: Unhandled promise rejections are deprecated. In the future, promise rejections that are not handled will terminate the Node.js process with a non-zero exit code."}}
[warn] ⚠  functions: Your function timed out after ~60s. To configure this timeout, see
      https://firebase.google.com/docs/functions/manage-functions#set_timeout_and_memory_allocation. {"metadata":{"emulator":{"name":"functions"},"function":{"name":"api"},"message":"Your function timed out after ~60s. To configure this timeout, see\n      https://firebase.google.com/docs/functions/manage-functions#set_timeout_and_memory_allocation."}}
[info] >  /usr/local/lib/node_modules/firebase-tools/lib/emulator/functionsEmulatorRuntime.js:660 {"user":"/usr/local/lib/node_modules/firebase-tools/lib/emulator/functionsEmulatorRuntime.js:660","metadata":{"emulator":{"name":"functions"},"function":{"name":"api"},"message":"\u001b[90m> \u001b[39m /usr/local/lib/node_modules/firebase-tools/lib/emulator/functionsEmulatorRuntime.js:660"}}
[info] >                  throw new Error("Function timed out."); {"user":"                throw new Error(\"Function timed out.\");","metadata":{"emulator":{"name":"functions"},"function":{"name":"api"},"message":"\u001b[90m> \u001b[39m                 throw new Error(\"Function timed out.\");"}}
[info] >                  ^ {"user":"                ^","metadata":{"emulator":{"name":"functions"},"function":{"name":"api"},"message":"\u001b[90m> \u001b[39m                 ^"}}
[info] >   {"user":"","metadata":{"emulator":{"name":"functions"},"function":{"name":"api"},"message":"\u001b[90m> \u001b[39m "}}
[info] >  Error: Function timed out. {"user":"Error: Function timed out.","metadata":{"emulator":{"name":"functions"},"function":{"name":"api"},"message":"\u001b[90m> \u001b[39m Error: Function timed out."}}
[info] >      at Timeout._onTimeout (/usr/local/lib/node_modules/firebase-tools/lib/emulator/functionsEmulatorRuntime.js:660:23) {"user":"    at Timeout._onTimeout (/usr/local/lib/node_modules/firebase-tools/lib/emulator/functionsEmulatorRuntime.js:660:23)","metadata":{"emulator":{"name":"functions"},"function":{"name":"api"},"message":"\u001b[90m> \u001b[39m     at Timeout._onTimeout (/usr/local/lib/node_modules/firebase-tools/lib/emulator/functionsEmulatorRuntime.js:660:23)"}}
[info] >      at listOnTimeout (internal/timers.js:531:17) {"user":"    at listOnTimeout (internal/timers.js:531:17)","metadata":{"emulator":{"name":"functions"},"function":{"name":"api"},"message":"\u001b[90m> \u001b[39m     at listOnTimeout (internal/timers.js:531:17)"}}
[info] >      at processTimers (internal/timers.js:475:7) {"user":"    at processTimers (internal/timers.js:475:7)","metadata":{"emulator":{"name":"functions"},"function":{"name":"api"},"message":"\u001b[90m> \u001b[39m     at processTimers (internal/timers.js:475:7)"}}
[debug] [2020-11-25T03:36:25.483Z] [worker-api-e5ffb2d6-760e-495a-81e0-1fb094d9f2ea]: exited {"metadata":{"emulator":{"name":"functions"},"message":"[worker-api-e5ffb2d6-760e-495a-81e0-1fb094d9f2ea]: exited"}}
[debug] [2020-11-25T03:36:25.504Z] [worker-api-e5ffb2d6-760e-495a-81e0-1fb094d9f2ea]: FINISHED {"metadata":{"emulator":{"name":"functions"},"message":"[worker-api-e5ffb2d6-760e-495a-81e0-1fb094d9f2ea]: FINISHED"}}
[debug] [2020-11-25T03:36:25.504Z] [work-queue] {"queueLength":0,"workRunningCount":0}
[debug] [2020-11-25T04:08:55.220Z] [work-queue] {"queueLength":1,"workRunningCount":0}
[debug] [2020-11-25T04:08:55.254Z] [work-queue] {"queueLength":0,"workRunningCount":1}
[debug] [2020-11-25T04:08:55.256Z] Accepted request POST /macarons-store/us-central1/api/checkout/create?total=1299 --> api
[debug] [2020-11-25T04:08:55.265Z] [worker-pool] Cleaned up workers for api: 1 --> 0 {"metadata":{"emulator":{"name":"functions"},"message":"[worker-pool] Cleaned up workers for api: 1 --> 0"}}
[debug] [2020-11-25T04:08:55.307Z] [worker-pool] addWorker(api) {"metadata":{"emulator":{"name":"functions"},"message":"[worker-pool] addWorker(api)"}}
[debug] [2020-11-25T04:08:55.315Z] [worker-pool] Adding worker with key api, total=1 {"metadata":{"emulator":{"name":"functions"},"message":"[worker-pool] Adding worker with key api, total=1"}}
[debug] [2020-11-25T04:08:55.315Z] [worker-pool] submitWork(triggerId=api) {"metadata":{"emulator":{"name":"functions"},"message":"[worker-pool] submitWork(triggerId=api)"}}
[debug] [2020-11-25T04:08:55.320Z] [worker-api-607178b8-134a-4c59-8daf-a95a6dc0b816]: Assigning socketPath: /var/folders/fp/0kwqj84n02g2pvctzpv_59jc0000gn/T/fire_emu_36957.sock {"metadata":{"emulator":{"name":"functions"},"message":"[worker-api-607178b8-134a-4c59-8daf-a95a6dc0b816]: Assigning socketPath: /var/folders/fp/0kwqj84n02g2pvctzpv_59jc0000gn/T/fire_emu_36957.sock"}}
[debug] [2020-11-25T04:08:55.320Z] [worker-api-607178b8-134a-4c59-8daf-a95a6dc0b816]: BUSY {"metadata":{"emulator":{"name":"functions"},"message":"[worker-api-607178b8-134a-4c59-8daf-a95a6dc0b816]: BUSY"}}
[debug] [2020-11-25T04:08:56.658Z] [runtime-status] [36957] Functions runtime initialized. {"cwd":"/Users/magdalenacbaran/Desktop/udemy/myProjects/resume/React/macaron-store/macarons/functions","node_version":"12.4.0"} {"metadata":{"emulator":{"name":"functions"},"function":{"name":"api"},"message":"[runtime-status] [36957] Functions runtime initialized. {\"cwd\":\"/Users/magdalenacbaran/Desktop/udemy/myProjects/resume/React/macaron-store/macarons/functions\",\"node_version\":\"12.4.0\"}"}}
[debug] [2020-11-25T04:08:56.660Z] [runtime-status] [36957] Disabled runtime features: undefined {"metadata":{"emulator":{"name":"functions"},"function":{"name":"api"},"message":"[runtime-status] [36957] Disabled runtime features: undefined"}}
[debug] [2020-11-25T04:08:56.675Z] [runtime-status] [36957] Resolved module firebase-admin {"declared":true,"installed":true,"version":"9.4.1","resolution":"/Users/magdalenacbaran/Desktop/udemy/myProjects/resume/React/macaron-store/macarons/functions/node_modules/firebase-admin/lib/index.js"} {"metadata":{"emulator":{"name":"functions"},"function":{"name":"api"},"message":"[runtime-status] [36957] Resolved module firebase-admin {\"declared\":true,\"installed\":true,\"version\":\"9.4.1\",\"resolution\":\"/Users/magdalenacbaran/Desktop/udemy/myProjects/resume/React/macaron-store/macarons/functions/node_modules/firebase-admin/lib/index.js\"}"}}
[debug] [2020-11-25T04:08:56.676Z] [runtime-status] [36957] Resolved module firebase-functions {"declared":true,"installed":true,"version":"3.11.0","resolution":"/Users/magdalenacbaran/Desktop/udemy/myProjects/resume/React/macaron-store/macarons/functions/node_modules/firebase-functions/lib/index.js"} {"metadata":{"emulator":{"name":"functions"},"function":{"name":"api"},"message":"[runtime-status] [36957] Resolved module firebase-functions {\"declared\":true,\"installed\":true,\"version\":\"3.11.0\",\"resolution\":\"/Users/magdalenacbaran/Desktop/udemy/myProjects/resume/React/macaron-store/macarons/functions/node_modules/firebase-functions/lib/index.js\"}"}}
[debug] [2020-11-25T04:08:56.678Z] [runtime-status] [36957] Resolved module firebase-functions {"declared":true,"installed":true,"version":"3.11.0","resolution":"/Users/magdalenacbaran/Desktop/udemy/myProjects/resume/React/macaron-store/macarons/functions/node_modules/firebase-functions/lib/index.js"} {"metadata":{"emulator":{"name":"functions"},"function":{"name":"api"},"message":"[runtime-status] [36957] Resolved module firebase-functions {\"declared\":true,\"installed\":true,\"version\":\"3.11.0\",\"resolution\":\"/Users/magdalenacbaran/Desktop/udemy/myProjects/resume/React/macaron-store/macarons/functions/node_modules/firebase-functions/lib/index.js\"}"}}
[debug] [2020-11-25T04:08:56.680Z] [runtime-status] [36957] Outgoing network have been stubbed. [{"name":"http","status":"mocked"},{"name":"http","status":"mocked"},{"name":"https","status":"mocked"},{"name":"https","status":"mocked"},{"name":"net","status":"mocked"}] {"metadata":{"emulator":{"name":"functions"},"function":{"name":"api"},"message":"[runtime-status] [36957] Outgoing network have been stubbed. [{\"name\":\"http\",\"status\":\"mocked\"},{\"name\":\"http\",\"status\":\"mocked\"},{\"name\":\"https\",\"status\":\"mocked\"},{\"name\":\"https\",\"status\":\"mocked\"},{\"name\":\"net\",\"status\":\"mocked\"}]"}}
[debug] [2020-11-25T04:08:56.681Z] [runtime-status] [36957] Resolved module firebase-functions {"declared":true,"installed":true,"version":"3.11.0","resolution":"/Users/magdalenacbaran/Desktop/udemy/myProjects/resume/React/macaron-store/macarons/functions/node_modules/firebase-functions/lib/index.js"} {"metadata":{"emulator":{"name":"functions"},"function":{"name":"api"},"message":"[runtime-status] [36957] Resolved module firebase-functions {\"declared\":true,\"installed\":true,\"version\":\"3.11.0\",\"resolution\":\"/Users/magdalenacbaran/Desktop/udemy/myProjects/resume/React/macaron-store/macarons/functions/node_modules/firebase-functions/lib/index.js\"}"}}
[debug] [2020-11-25T04:08:56.818Z] [runtime-status] [36957] Checked functions.config() {"config":{}} {"metadata":{"emulator":{"name":"functions"},"function":{"name":"api"},"message":"[runtime-status] [36957] Checked functions.config() {\"config\":{}}"}}
[debug] [2020-11-25T04:08:56.823Z] [runtime-status] [36957] firebase-functions has been stubbed. {"functionsResolution":{"declared":true,"installed":true,"version":"3.11.0","resolution":"/Users/magdalenacbaran/Desktop/udemy/myProjects/resume/React/macaron-store/macarons/functions/node_modules/firebase-functions/lib/index.js"}} {"metadata":{"emulator":{"name":"functions"},"function":{"name":"api"},"message":"[runtime-status] [36957] firebase-functions has been stubbed. {\"functionsResolution\":{\"declared\":true,\"installed\":true,\"version\":\"3.11.0\",\"resolution\":\"/Users/magdalenacbaran/Desktop/udemy/myProjects/resume/React/macaron-store/macarons/functions/node_modules/firebase-functions/lib/index.js\"}}"}}
[debug] [2020-11-25T04:08:56.824Z] [runtime-status] [36957] Resolved module firebase-functions {"declared":true,"installed":true,"version":"3.11.0","resolution":"/Users/magdalenacbaran/Desktop/udemy/myProjects/resume/React/macaron-store/macarons/functions/node_modules/firebase-functions/lib/index.js"} {"metadata":{"emulator":{"name":"functions"},"function":{"name":"api"},"message":"[runtime-status] [36957] Resolved module firebase-functions {\"declared\":true,\"installed\":true,\"version\":\"3.11.0\",\"resolution\":\"/Users/magdalenacbaran/Desktop/udemy/myProjects/resume/React/macaron-store/macarons/functions/node_modules/firebase-functions/lib/index.js\"}"}}
[debug] [2020-11-25T04:08:56.824Z] [runtime-status] [36957] Resolved module firebase-admin {"declared":true,"installed":true,"version":"9.4.1","resolution":"/Users/magdalenacbaran/Desktop/udemy/myProjects/resume/React/macaron-store/macarons/functions/node_modules/firebase-admin/lib/index.js"} {"metadata":{"emulator":{"name":"functions"},"function":{"name":"api"},"message":"[runtime-status] [36957] Resolved module firebase-admin {\"declared\":true,\"installed\":true,\"version\":\"9.4.1\",\"resolution\":\"/Users/magdalenacbaran/Desktop/udemy/myProjects/resume/React/macaron-store/macarons/functions/node_modules/firebase-admin/lib/index.js\"}"}}
[debug] [2020-11-25T04:08:56.830Z] [runtime-status] [36957] Resolved module firebase-functions {"declared":true,"installed":true,"version":"3.11.0","resolution":"/Users/magdalenacbaran/Desktop/udemy/myProjects/resume/React/macaron-store/macarons/functions/node_modules/firebase-functions/lib/index.js"} {"metadata":{"emulator":{"name":"functions"},"function":{"name":"api"},"message":"[runtime-status] [36957] Resolved module firebase-functions {\"declared\":true,\"installed\":true,\"version\":\"3.11.0\",\"resolution\":\"/Users/magdalenacbaran/Desktop/udemy/myProjects/resume/React/macaron-store/macarons/functions/node_modules/firebase-functions/lib/index.js\"}"}}
[debug] [2020-11-25T04:08:56.830Z] [runtime-status] [36957] firebase-admin has been stubbed. {"adminResolution":{"declared":true,"installed":true,"version":"9.4.1","resolution":"/Users/magdalenacbaran/Desktop/udemy/myProjects/resume/React/macaron-store/macarons/functions/node_modules/firebase-admin/lib/index.js"}} {"metadata":{"emulator":{"name":"functions"},"function":{"name":"api"},"message":"[runtime-status] [36957] firebase-admin has been stubbed. {\"adminResolution\":{\"declared\":true,\"installed\":true,\"version\":\"9.4.1\",\"resolution\":\"/Users/magdalenacbaran/Desktop/udemy/myProjects/resume/React/macaron-store/macarons/functions/node_modules/firebase-admin/lib/index.js\"}}"}}
[debug] [2020-11-25T04:08:57.318Z] [runtime-status] [36957] Trigger "api" has been found, beginning invocation! {"metadata":{"emulator":{"name":"functions"},"function":{"name":"api"},"message":"[runtime-status] [36957] Trigger \"api\" has been found, beginning invocation!"}}
[info] i  functions: Beginning execution of "api" {"metadata":{"emulator":{"name":"functions"},"function":{"name":"api"},"message":"Beginning execution of \"api\""}}
[debug] [2020-11-25T04:08:57.328Z] [runtime-status] [36957] triggerDefinition {"httpsTrigger":{},"name":"api","entryPoint":"api"} {"metadata":{"emulator":{"name":"functions"},"function":{"name":"api"},"message":"[runtime-status] [36957] triggerDefinition {\"httpsTrigger\":{},\"name\":\"api\",\"entryPoint\":\"api\"}"}}
[debug] [2020-11-25T04:08:57.328Z] [runtime-status] [36957] Running api in mode HTTPS {"metadata":{"emulator":{"name":"functions"},"function":{"name":"api"},"message":"[runtime-status] [36957] Running api in mode HTTPS"}}
[debug] [2020-11-25T04:08:57.333Z] [runtime-status] [36957] Attempting to listen to socketPath: /var/folders/fp/0kwqj84n02g2pvctzpv_59jc0000gn/T/fire_emu_36957.sock {"metadata":{"emulator":{"name":"functions"},"function":{"name":"api"},"message":"[runtime-status] [36957] Attempting to listen to socketPath: /var/folders/fp/0kwqj84n02g2pvctzpv_59jc0000gn/T/fire_emu_36957.sock"}}
[debug] [2020-11-25T04:08:57.362Z] [functions] Runtime ready! Sending request! {"metadata":{"emulator":{"name":"functions"},"message":"[functions] Runtime ready! Sending request!"}}
[debug] [2020-11-25T04:08:57.393Z] [runtime-status] [36957] Ephemeral server handling POST request {"metadata":{"emulator":{"name":"functions"},"function":{"name":"api"},"message":"[runtime-status] [36957] Ephemeral server handling POST request"}}
[info] >  Payment Request Recieved BOOM!!! for this amount >>>  1299 {"user":"Payment Request Recieved BOOM!!! for this amount >>>  1299","metadata":{"emulator":{"name":"functions"},"function":{"name":"api"},"message":"\u001b[90m> \u001b[39m Payment Request Recieved BOOM!!! for this amount >>>  1299"}}
[debug] [2020-11-25T04:08:57.430Z] [runtime-status] [36957] Ephemeral server survived. {"metadata":{"emulator":{"name":"functions"},"function":{"name":"api"},"message":"[runtime-status] [36957] Ephemeral server survived."}}
[info] i  functions: Finished "api" in ~1s {"metadata":{"emulator":{"name":"functions"},"function":{"name":"api"},"message":"Finished \"api\" in ~1s"}}
[debug] [2020-11-25T04:08:57.851Z] [worker-api-607178b8-134a-4c59-8daf-a95a6dc0b816]: IDLE {"metadata":{"emulator":{"name":"functions"},"message":"[worker-api-607178b8-134a-4c59-8daf-a95a6dc0b816]: IDLE"}}
[debug] [2020-11-25T04:08:57.852Z] [work-queue] {"queueLength":0,"workRunningCount":0}
[debug] [2020-11-25T04:09:05.267Z] [work-queue] {"queueLength":1,"workRunningCount":0}
[debug] [2020-11-25T04:09:05.267Z] [work-queue] {"queueLength":0,"workRunningCount":1}
[debug] [2020-11-25T04:09:05.267Z] Accepted request POST /macarons-store/us-central1/api/checkout/create?total=0 --> api
[debug] [2020-11-25T04:09:05.267Z] [worker-pool] submitWork(triggerId=api) {"metadata":{"emulator":{"name":"functions"},"message":"[worker-pool] submitWork(triggerId=api)"}}
[debug] [2020-11-25T04:09:05.267Z] [worker-api-607178b8-134a-4c59-8daf-a95a6dc0b816]: Assigning socketPath: /var/folders/fp/0kwqj84n02g2pvctzpv_59jc0000gn/T/fire_emu_36957.sock {"metadata":{"emulator":{"name":"functions"},"message":"[worker-api-607178b8-134a-4c59-8daf-a95a6dc0b816]: Assigning socketPath: /var/folders/fp/0kwqj84n02g2pvctzpv_59jc0000gn/T/fire_emu_36957.sock"}}
[debug] [2020-11-25T04:09:05.268Z] [worker-api-607178b8-134a-4c59-8daf-a95a6dc0b816]: BUSY {"metadata":{"emulator":{"name":"functions"},"message":"[worker-api-607178b8-134a-4c59-8daf-a95a6dc0b816]: BUSY"}}
[debug] [2020-11-25T04:09:05.268Z] [runtime-status] [36957] Trigger "api" has been found, beginning invocation! {"metadata":{"emulator":{"name":"functions"},"function":{"name":"api"},"message":"[runtime-status] [36957] Trigger \"api\" has been found, beginning invocation!"}}
[info] i  functions: Beginning execution of "api" {"metadata":{"emulator":{"name":"functions"},"function":{"name":"api"},"message":"Beginning execution of \"api\""}}
[debug] [2020-11-25T04:09:05.269Z] [runtime-status] [36957] triggerDefinition {"httpsTrigger":{},"name":"api","entryPoint":"api"} {"metadata":{"emulator":{"name":"functions"},"function":{"name":"api"},"message":"[runtime-status] [36957] triggerDefinition {\"httpsTrigger\":{},\"name\":\"api\",\"entryPoint\":\"api\"}"}}
[debug] [2020-11-25T04:09:05.270Z] [runtime-status] [36957] Running api in mode HTTPS {"metadata":{"emulator":{"name":"functions"},"function":{"name":"api"},"message":"[runtime-status] [36957] Running api in mode HTTPS"}}
[debug] [2020-11-25T04:09:05.271Z] [runtime-status] [36957] Attempting to listen to socketPath: /var/folders/fp/0kwqj84n02g2pvctzpv_59jc0000gn/T/fire_emu_36957.sock {"metadata":{"emulator":{"name":"functions"},"function":{"name":"api"},"message":"[runtime-status] [36957] Attempting to listen to socketPath: /var/folders/fp/0kwqj84n02g2pvctzpv_59jc0000gn/T/fire_emu_36957.sock"}}
[debug] [2020-11-25T04:09:05.271Z] [functions] Runtime ready! Sending request! {"metadata":{"emulator":{"name":"functions"},"message":"[functions] Runtime ready! Sending request!"}}
[debug] [2020-11-25T04:09:05.281Z] [runtime-status] [36957] Ephemeral server handling POST request {"metadata":{"emulator":{"name":"functions"},"function":{"name":"api"},"message":"[runtime-status] [36957] Ephemeral server handling POST request"}}
[info] >  Payment Request Recieved BOOM!!! for this amount >>>  0 {"user":"Payment Request Recieved BOOM!!! for this amount >>>  0","metadata":{"emulator":{"name":"functions"},"function":{"name":"api"},"message":"\u001b[90m> \u001b[39m Payment Request Recieved BOOM!!! for this amount >>>  0"}}
[debug] [2020-11-25T04:09:05.283Z] [runtime-status] [36957] Ephemeral server survived. {"metadata":{"emulator":{"name":"functions"},"function":{"name":"api"},"message":"[runtime-status] [36957] Ephemeral server survived."}}
[info] >  (node:36957) UnhandledPromiseRejectionWarning: Error: This value must be greater than or equal to 1. {"user":"(node:36957) UnhandledPromiseRejectionWarning: Error: This value must be greater than or equal to 1.","metadata":{"emulator":{"name":"functions"},"function":{"name":"api"},"message":"\u001b[90m> \u001b[39m (node:36957) UnhandledPromiseRejectionWarning: Error: This value must be greater than or equal to 1."}}
[info] >      at Function.generate (/Users/magdalenacbaran/Desktop/udemy/myProjects/resume/React/macaron-store/macarons/functions/node_modules/stripe/lib/Error.js:40:16) {"user":"    at Function.generate (/Users/magdalenacbaran/Desktop/udemy/myProjects/resume/React/macaron-store/macarons/functions/node_modules/stripe/lib/Error.js:40:16)","metadata":{"emulator":{"name":"functions"},"function":{"name":"api"},"message":"\u001b[90m> \u001b[39m     at Function.generate (/Users/magdalenacbaran/Desktop/udemy/myProjects/resume/React/macaron-store/macarons/functions/node_modules/stripe/lib/Error.js:40:16)"}}
[info] >      at IncomingMessage.<anonymous> (/Users/magdalenacbaran/Desktop/udemy/myProjects/resume/React/macaron-store/macarons/functions/node_modules/stripe/lib/StripeResource.js:190:33) {"user":"    at IncomingMessage.<anonymous> (/Users/magdalenacbaran/Desktop/udemy/myProjects/resume/React/macaron-store/macarons/functions/node_modules/stripe/lib/StripeResource.js:190:33)","metadata":{"emulator":{"name":"functions"},"function":{"name":"api"},"message":"\u001b[90m> \u001b[39m     at IncomingMessage.<anonymous> (/Users/magdalenacbaran/Desktop/udemy/myProjects/resume/React/macaron-store/macarons/functions/node_modules/stripe/lib/StripeResource.js:190:33)"}}
[info] >      at Object.onceWrapper (events.js:288:20) {"user":"    at Object.onceWrapper (events.js:288:20)","metadata":{"emulator":{"name":"functions"},"function":{"name":"api"},"message":"\u001b[90m> \u001b[39m     at Object.onceWrapper (events.js:288:20)"}}
[info] >      at IncomingMessage.emit (events.js:205:15) {"user":"    at IncomingMessage.emit (events.js:205:15)","metadata":{"emulator":{"name":"functions"},"function":{"name":"api"},"message":"\u001b[90m> \u001b[39m     at IncomingMessage.emit (events.js:205:15)"}}
[info] >      at endReadableNT (_stream_readable.js:1154:12) {"user":"    at endReadableNT (_stream_readable.js:1154:12)","metadata":{"emulator":{"name":"functions"},"function":{"name":"api"},"message":"\u001b[90m> \u001b[39m     at endReadableNT (_stream_readable.js:1154:12)"}}
[info] >      at processTicksAndRejections (internal/process/task_queues.js:84:9) {"user":"    at processTicksAndRejections (internal/process/task_queues.js:84:9)","metadata":{"emulator":{"name":"functions"},"function":{"name":"api"},"message":"\u001b[90m> \u001b[39m     at processTicksAndRejections (internal/process/task_queues.js:84:9)"}}
[info] >  (node:36957) UnhandledPromiseRejectionWarning: Unhandled promise rejection. This error originated either by throwing inside of an async function without a catch block, or by rejecting a promise which was not handled with .catch(). (rejection id: 1) {"user":"(node:36957) UnhandledPromiseRejectionWarning: Unhandled promise rejection. This error originated either by throwing inside of an async function without a catch block, or by rejecting a promise which was not handled with .catch(). (rejection id: 1)","metadata":{"emulator":{"name":"functions"},"function":{"name":"api"},"message":"\u001b[90m> \u001b[39m (node:36957) UnhandledPromiseRejectionWarning: Unhandled promise rejection. This error originated either by throwing inside of an async function without a catch block, or by rejecting a promise which was not handled with .catch(). (rejection id: 1)"}}
[info] >  (node:36957) [DEP0018] DeprecationWarning: Unhandled promise rejections are deprecated. In the future, promise rejections that are not handled will terminate the Node.js process with a non-zero exit code. {"user":"(node:36957) [DEP0018] DeprecationWarning: Unhandled promise rejections are deprecated. In the future, promise rejections that are not handled will terminate the Node.js process with a non-zero exit code.","metadata":{"emulator":{"name":"functions"},"function":{"name":"api"},"message":"\u001b[90m> \u001b[39m (node:36957) [DEP0018] DeprecationWarning: Unhandled promise rejections are deprecated. In the future, promise rejections that are not handled will terminate the Node.js process with a non-zero exit code."}}
[debug] [2020-11-25T04:09:51.130Z] [work-queue] {"queueLength":1,"workRunningCount":1}
[debug] [2020-11-25T04:09:51.130Z] [work-queue] {"queueLength":0,"workRunningCount":2}
[debug] [2020-11-25T04:09:51.130Z] Accepted request POST /macarons-store/us-central1/api/checkout/create?total=2198 --> api
[debug] [2020-11-25T04:09:51.149Z] [worker-pool] addWorker(api) {"metadata":{"emulator":{"name":"functions"},"message":"[worker-pool] addWorker(api)"}}
[debug] [2020-11-25T04:09:51.149Z] [worker-pool] Adding worker with key api, total=2 {"metadata":{"emulator":{"name":"functions"},"message":"[worker-pool] Adding worker with key api, total=2"}}
[debug] [2020-11-25T04:09:51.149Z] [worker-pool] submitWork(triggerId=api) {"metadata":{"emulator":{"name":"functions"},"message":"[worker-pool] submitWork(triggerId=api)"}}
[debug] [2020-11-25T04:09:51.149Z] [worker-api-0d21d6d9-1719-4210-90ec-7dd1de276447]: Assigning socketPath: /var/folders/fp/0kwqj84n02g2pvctzpv_59jc0000gn/T/fire_emu_36973.sock {"metadata":{"emulator":{"name":"functions"},"message":"[worker-api-0d21d6d9-1719-4210-90ec-7dd1de276447]: Assigning socketPath: /var/folders/fp/0kwqj84n02g2pvctzpv_59jc0000gn/T/fire_emu_36973.sock"}}
[debug] [2020-11-25T04:09:51.149Z] [worker-api-0d21d6d9-1719-4210-90ec-7dd1de276447]: BUSY {"metadata":{"emulator":{"name":"functions"},"message":"[worker-api-0d21d6d9-1719-4210-90ec-7dd1de276447]: BUSY"}}
[debug] [2020-11-25T04:09:52.447Z] [runtime-status] [36973] Functions runtime initialized. {"cwd":"/Users/magdalenacbaran/Desktop/udemy/myProjects/resume/React/macaron-store/macarons/functions","node_version":"12.4.0"} {"metadata":{"emulator":{"name":"functions"},"function":{"name":"api"},"message":"[runtime-status] [36973] Functions runtime initialized. {\"cwd\":\"/Users/magdalenacbaran/Desktop/udemy/myProjects/resume/React/macaron-store/macarons/functions\",\"node_version\":\"12.4.0\"}"}}
[debug] [2020-11-25T04:09:52.453Z] [runtime-status] [36973] Disabled runtime features: undefined {"metadata":{"emulator":{"name":"functions"},"function":{"name":"api"},"message":"[runtime-status] [36973] Disabled runtime features: undefined"}}
[debug] [2020-11-25T04:09:52.461Z] [runtime-status] [36973] Resolved module firebase-admin {"declared":true,"installed":true,"version":"9.4.1","resolution":"/Users/magdalenacbaran/Desktop/udemy/myProjects/resume/React/macaron-store/macarons/functions/node_modules/firebase-admin/lib/index.js"} {"metadata":{"emulator":{"name":"functions"},"function":{"name":"api"},"message":"[runtime-status] [36973] Resolved module firebase-admin {\"declared\":true,\"installed\":true,\"version\":\"9.4.1\",\"resolution\":\"/Users/magdalenacbaran/Desktop/udemy/myProjects/resume/React/macaron-store/macarons/functions/node_modules/firebase-admin/lib/index.js\"}"}}
[debug] [2020-11-25T04:09:52.461Z] [runtime-status] [36973] Resolved module firebase-functions {"declared":true,"installed":true,"version":"3.11.0","resolution":"/Users/magdalenacbaran/Desktop/udemy/myProjects/resume/React/macaron-store/macarons/functions/node_modules/firebase-functions/lib/index.js"} {"metadata":{"emulator":{"name":"functions"},"function":{"name":"api"},"message":"[runtime-status] [36973] Resolved module firebase-functions {\"declared\":true,\"installed\":true,\"version\":\"3.11.0\",\"resolution\":\"/Users/magdalenacbaran/Desktop/udemy/myProjects/resume/React/macaron-store/macarons/functions/node_modules/firebase-functions/lib/index.js\"}"}}
[debug] [2020-11-25T04:09:52.461Z] [runtime-status] [36973] Resolved module firebase-functions {"declared":true,"installed":true,"version":"3.11.0","resolution":"/Users/magdalenacbaran/Desktop/udemy/myProjects/resume/React/macaron-store/macarons/functions/node_modules/firebase-functions/lib/index.js"} {"metadata":{"emulator":{"name":"functions"},"function":{"name":"api"},"message":"[runtime-status] [36973] Resolved module firebase-functions {\"declared\":true,\"installed\":true,\"version\":\"3.11.0\",\"resolution\":\"/Users/magdalenacbaran/Desktop/udemy/myProjects/resume/React/macaron-store/macarons/functions/node_modules/firebase-functions/lib/index.js\"}"}}
[debug] [2020-11-25T04:09:52.464Z] [runtime-status] [36973] Outgoing network have been stubbed. [{"name":"http","status":"mocked"},{"name":"http","status":"mocked"},{"name":"https","status":"mocked"},{"name":"https","status":"mocked"},{"name":"net","status":"mocked"}] {"metadata":{"emulator":{"name":"functions"},"function":{"name":"api"},"message":"[runtime-status] [36973] Outgoing network have been stubbed. [{\"name\":\"http\",\"status\":\"mocked\"},{\"name\":\"http\",\"status\":\"mocked\"},{\"name\":\"https\",\"status\":\"mocked\"},{\"name\":\"https\",\"status\":\"mocked\"},{\"name\":\"net\",\"status\":\"mocked\"}]"}}
[debug] [2020-11-25T04:09:52.464Z] [runtime-status] [36973] Resolved module firebase-functions {"declared":true,"installed":true,"version":"3.11.0","resolution":"/Users/magdalenacbaran/Desktop/udemy/myProjects/resume/React/macaron-store/macarons/functions/node_modules/firebase-functions/lib/index.js"} {"metadata":{"emulator":{"name":"functions"},"function":{"name":"api"},"message":"[runtime-status] [36973] Resolved module firebase-functions {\"declared\":true,\"installed\":true,\"version\":\"3.11.0\",\"resolution\":\"/Users/magdalenacbaran/Desktop/udemy/myProjects/resume/React/macaron-store/macarons/functions/node_modules/firebase-functions/lib/index.js\"}"}}
[debug] [2020-11-25T04:09:52.575Z] [runtime-status] [36973] Checked functions.config() {"config":{}} {"metadata":{"emulator":{"name":"functions"},"function":{"name":"api"},"message":"[runtime-status] [36973] Checked functions.config() {\"config\":{}}"}}
[debug] [2020-11-25T04:09:52.582Z] [runtime-status] [36973] firebase-functions has been stubbed. {"functionsResolution":{"declared":true,"installed":true,"version":"3.11.0","resolution":"/Users/magdalenacbaran/Desktop/udemy/myProjects/resume/React/macaron-store/macarons/functions/node_modules/firebase-functions/lib/index.js"}} {"metadata":{"emulator":{"name":"functions"},"function":{"name":"api"},"message":"[runtime-status] [36973] firebase-functions has been stubbed. {\"functionsResolution\":{\"declared\":true,\"installed\":true,\"version\":\"3.11.0\",\"resolution\":\"/Users/magdalenacbaran/Desktop/udemy/myProjects/resume/React/macaron-store/macarons/functions/node_modules/firebase-functions/lib/index.js\"}}"}}
[debug] [2020-11-25T04:09:52.584Z] [runtime-status] [36973] Resolved module firebase-functions {"declared":true,"installed":true,"version":"3.11.0","resolution":"/Users/magdalenacbaran/Desktop/udemy/myProjects/resume/React/macaron-store/macarons/functions/node_modules/firebase-functions/lib/index.js"} {"metadata":{"emulator":{"name":"functions"},"function":{"name":"api"},"message":"[runtime-status] [36973] Resolved module firebase-functions {\"declared\":true,\"installed\":true,\"version\":\"3.11.0\",\"resolution\":\"/Users/magdalenacbaran/Desktop/udemy/myProjects/resume/React/macaron-store/macarons/functions/node_modules/firebase-functions/lib/index.js\"}"}}
[debug] [2020-11-25T04:09:52.589Z] [runtime-status] [36973] Resolved module firebase-admin {"declared":true,"installed":true,"version":"9.4.1","resolution":"/Users/magdalenacbaran/Desktop/udemy/myProjects/resume/React/macaron-store/macarons/functions/node_modules/firebase-admin/lib/index.js"} {"metadata":{"emulator":{"name":"functions"},"function":{"name":"api"},"message":"[runtime-status] [36973] Resolved module firebase-admin {\"declared\":true,\"installed\":true,\"version\":\"9.4.1\",\"resolution\":\"/Users/magdalenacbaran/Desktop/udemy/myProjects/resume/React/macaron-store/macarons/functions/node_modules/firebase-admin/lib/index.js\"}"}}
[debug] [2020-11-25T04:09:52.589Z] [runtime-status] [36973] Resolved module firebase-functions {"declared":true,"installed":true,"version":"3.11.0","resolution":"/Users/magdalenacbaran/Desktop/udemy/myProjects/resume/React/macaron-store/macarons/functions/node_modules/firebase-functions/lib/index.js"} {"metadata":{"emulator":{"name":"functions"},"function":{"name":"api"},"message":"[runtime-status] [36973] Resolved module firebase-functions {\"declared\":true,\"installed\":true,\"version\":\"3.11.0\",\"resolution\":\"/Users/magdalenacbaran/Desktop/udemy/myProjects/resume/React/macaron-store/macarons/functions/node_modules/firebase-functions/lib/index.js\"}"}}
[debug] [2020-11-25T04:09:52.590Z] [runtime-status] [36973] firebase-admin has been stubbed. {"adminResolution":{"declared":true,"installed":true,"version":"9.4.1","resolution":"/Users/magdalenacbaran/Desktop/udemy/myProjects/resume/React/macaron-store/macarons/functions/node_modules/firebase-admin/lib/index.js"}} {"metadata":{"emulator":{"name":"functions"},"function":{"name":"api"},"message":"[runtime-status] [36973] firebase-admin has been stubbed. {\"adminResolution\":{\"declared\":true,\"installed\":true,\"version\":\"9.4.1\",\"resolution\":\"/Users/magdalenacbaran/Desktop/udemy/myProjects/resume/React/macaron-store/macarons/functions/node_modules/firebase-admin/lib/index.js\"}}"}}
[debug] [2020-11-25T04:09:53.035Z] [runtime-status] [36973] Trigger "api" has been found, beginning invocation! {"metadata":{"emulator":{"name":"functions"},"function":{"name":"api"},"message":"[runtime-status] [36973] Trigger \"api\" has been found, beginning invocation!"}}
[info] i  functions: Beginning execution of "api" {"metadata":{"emulator":{"name":"functions"},"function":{"name":"api"},"message":"Beginning execution of \"api\""}}
[debug] [2020-11-25T04:09:53.036Z] [runtime-status] [36973] triggerDefinition {"httpsTrigger":{},"name":"api","entryPoint":"api"} {"metadata":{"emulator":{"name":"functions"},"function":{"name":"api"},"message":"[runtime-status] [36973] triggerDefinition {\"httpsTrigger\":{},\"name\":\"api\",\"entryPoint\":\"api\"}"}}
[debug] [2020-11-25T04:09:53.043Z] [runtime-status] [36973] Running api in mode HTTPS {"metadata":{"emulator":{"name":"functions"},"function":{"name":"api"},"message":"[runtime-status] [36973] Running api in mode HTTPS"}}
[debug] [2020-11-25T04:09:53.044Z] [runtime-status] [36973] Attempting to listen to socketPath: /var/folders/fp/0kwqj84n02g2pvctzpv_59jc0000gn/T/fire_emu_36973.sock {"metadata":{"emulator":{"name":"functions"},"function":{"name":"api"},"message":"[runtime-status] [36973] Attempting to listen to socketPath: /var/folders/fp/0kwqj84n02g2pvctzpv_59jc0000gn/T/fire_emu_36973.sock"}}
[debug] [2020-11-25T04:09:53.050Z] [functions] Runtime ready! Sending request! {"metadata":{"emulator":{"name":"functions"},"message":"[functions] Runtime ready! Sending request!"}}
[debug] [2020-11-25T04:09:53.081Z] [runtime-status] [36973] Ephemeral server handling POST request {"metadata":{"emulator":{"name":"functions"},"function":{"name":"api"},"message":"[runtime-status] [36973] Ephemeral server handling POST request"}}
[info] >  Payment Request Recieved BOOM!!! for this amount >>>  2198 {"user":"Payment Request Recieved BOOM!!! for this amount >>>  2198","metadata":{"emulator":{"name":"functions"},"function":{"name":"api"},"message":"\u001b[90m> \u001b[39m Payment Request Recieved BOOM!!! for this amount >>>  2198"}}
[debug] [2020-11-25T04:09:53.107Z] [runtime-status] [36973] Ephemeral server survived. {"metadata":{"emulator":{"name":"functions"},"function":{"name":"api"},"message":"[runtime-status] [36973] Ephemeral server survived."}}
[info] i  functions: Finished "api" in ~1s {"metadata":{"emulator":{"name":"functions"},"function":{"name":"api"},"message":"Finished \"api\" in ~1s"}}
[debug] [2020-11-25T04:09:53.467Z] [worker-api-0d21d6d9-1719-4210-90ec-7dd1de276447]: IDLE {"metadata":{"emulator":{"name":"functions"},"message":"[worker-api-0d21d6d9-1719-4210-90ec-7dd1de276447]: IDLE"}}
[debug] [2020-11-25T04:09:53.467Z] [work-queue] {"queueLength":0,"workRunningCount":1}
[debug] [2020-11-25T04:10:00.255Z] [work-queue] {"queueLength":1,"workRunningCount":1}
[debug] [2020-11-25T04:10:00.255Z] [work-queue] {"queueLength":0,"workRunningCount":2}
[debug] [2020-11-25T04:10:00.255Z] Accepted request POST /macarons-store/us-central1/api/checkout/create?total=0 --> api
[debug] [2020-11-25T04:10:00.255Z] [worker-pool] submitWork(triggerId=api) {"metadata":{"emulator":{"name":"functions"},"message":"[worker-pool] submitWork(triggerId=api)"}}
[debug] [2020-11-25T04:10:00.256Z] [worker-api-0d21d6d9-1719-4210-90ec-7dd1de276447]: Assigning socketPath: /var/folders/fp/0kwqj84n02g2pvctzpv_59jc0000gn/T/fire_emu_36973.sock {"metadata":{"emulator":{"name":"functions"},"message":"[worker-api-0d21d6d9-1719-4210-90ec-7dd1de276447]: Assigning socketPath: /var/folders/fp/0kwqj84n02g2pvctzpv_59jc0000gn/T/fire_emu_36973.sock"}}
[debug] [2020-11-25T04:10:00.256Z] [worker-api-0d21d6d9-1719-4210-90ec-7dd1de276447]: BUSY {"metadata":{"emulator":{"name":"functions"},"message":"[worker-api-0d21d6d9-1719-4210-90ec-7dd1de276447]: BUSY"}}
[debug] [2020-11-25T04:10:00.256Z] [runtime-status] [36973] Trigger "api" has been found, beginning invocation! {"metadata":{"emulator":{"name":"functions"},"function":{"name":"api"},"message":"[runtime-status] [36973] Trigger \"api\" has been found, beginning invocation!"}}
[info] i  functions: Beginning execution of "api" {"metadata":{"emulator":{"name":"functions"},"function":{"name":"api"},"message":"Beginning execution of \"api\""}}
[debug] [2020-11-25T04:10:00.261Z] [runtime-status] [36973] triggerDefinition {"httpsTrigger":{},"name":"api","entryPoint":"api"} {"metadata":{"emulator":{"name":"functions"},"function":{"name":"api"},"message":"[runtime-status] [36973] triggerDefinition {\"httpsTrigger\":{},\"name\":\"api\",\"entryPoint\":\"api\"}"}}
[debug] [2020-11-25T04:10:00.261Z] [runtime-status] [36973] Running api in mode HTTPS {"metadata":{"emulator":{"name":"functions"},"function":{"name":"api"},"message":"[runtime-status] [36973] Running api in mode HTTPS"}}
[debug] [2020-11-25T04:10:00.262Z] [runtime-status] [36973] Attempting to listen to socketPath: /var/folders/fp/0kwqj84n02g2pvctzpv_59jc0000gn/T/fire_emu_36973.sock {"metadata":{"emulator":{"name":"functions"},"function":{"name":"api"},"message":"[runtime-status] [36973] Attempting to listen to socketPath: /var/folders/fp/0kwqj84n02g2pvctzpv_59jc0000gn/T/fire_emu_36973.sock"}}
[debug] [2020-11-25T04:10:00.264Z] [functions] Runtime ready! Sending request! {"metadata":{"emulator":{"name":"functions"},"message":"[functions] Runtime ready! Sending request!"}}
[debug] [2020-11-25T04:10:00.268Z] [runtime-status] [36973] Ephemeral server handling POST request {"metadata":{"emulator":{"name":"functions"},"function":{"name":"api"},"message":"[runtime-status] [36973] Ephemeral server handling POST request"}}
[info] >  Payment Request Recieved BOOM!!! for this amount >>>  0 {"user":"Payment Request Recieved BOOM!!! for this amount >>>  0","metadata":{"emulator":{"name":"functions"},"function":{"name":"api"},"message":"\u001b[90m> \u001b[39m Payment Request Recieved BOOM!!! for this amount >>>  0"}}
[debug] [2020-11-25T04:10:00.270Z] [runtime-status] [36973] Ephemeral server survived. {"metadata":{"emulator":{"name":"functions"},"function":{"name":"api"},"message":"[runtime-status] [36973] Ephemeral server survived."}}
[info] >  (node:36973) UnhandledPromiseRejectionWarning: Error: This value must be greater than or equal to 1. {"user":"(node:36973) UnhandledPromiseRejectionWarning: Error: This value must be greater than or equal to 1.","metadata":{"emulator":{"name":"functions"},"function":{"name":"api"},"message":"\u001b[90m> \u001b[39m (node:36973) UnhandledPromiseRejectionWarning: Error: This value must be greater than or equal to 1."}}
[info] >      at Function.generate (/Users/magdalenacbaran/Desktop/udemy/myProjects/resume/React/macaron-store/macarons/functions/node_modules/stripe/lib/Error.js:40:16) {"user":"    at Function.generate (/Users/magdalenacbaran/Desktop/udemy/myProjects/resume/React/macaron-store/macarons/functions/node_modules/stripe/lib/Error.js:40:16)","metadata":{"emulator":{"name":"functions"},"function":{"name":"api"},"message":"\u001b[90m> \u001b[39m     at Function.generate (/Users/magdalenacbaran/Desktop/udemy/myProjects/resume/React/macaron-store/macarons/functions/node_modules/stripe/lib/Error.js:40:16)"}}
[info] >      at IncomingMessage.<anonymous> (/Users/magdalenacbaran/Desktop/udemy/myProjects/resume/React/macaron-store/macarons/functions/node_modules/stripe/lib/StripeResource.js:190:33) {"user":"    at IncomingMessage.<anonymous> (/Users/magdalenacbaran/Desktop/udemy/myProjects/resume/React/macaron-store/macarons/functions/node_modules/stripe/lib/StripeResource.js:190:33)","metadata":{"emulator":{"name":"functions"},"function":{"name":"api"},"message":"\u001b[90m> \u001b[39m     at IncomingMessage.<anonymous> (/Users/magdalenacbaran/Desktop/udemy/myProjects/resume/React/macaron-store/macarons/functions/node_modules/stripe/lib/StripeResource.js:190:33)"}}
[info] >      at Object.onceWrapper (events.js:288:20) {"user":"    at Object.onceWrapper (events.js:288:20)","metadata":{"emulator":{"name":"functions"},"function":{"name":"api"},"message":"\u001b[90m> \u001b[39m     at Object.onceWrapper (events.js:288:20)"}}
[info] >      at IncomingMessage.emit (events.js:205:15) {"user":"    at IncomingMessage.emit (events.js:205:15)","metadata":{"emulator":{"name":"functions"},"function":{"name":"api"},"message":"\u001b[90m> \u001b[39m     at IncomingMessage.emit (events.js:205:15)"}}
[info] >      at endReadableNT (_stream_readable.js:1154:12) {"user":"    at endReadableNT (_stream_readable.js:1154:12)","metadata":{"emulator":{"name":"functions"},"function":{"name":"api"},"message":"\u001b[90m> \u001b[39m     at endReadableNT (_stream_readable.js:1154:12)"}}
[info] >      at processTicksAndRejections (internal/process/task_queues.js:84:9) {"user":"    at processTicksAndRejections (internal/process/task_queues.js:84:9)","metadata":{"emulator":{"name":"functions"},"function":{"name":"api"},"message":"\u001b[90m> \u001b[39m     at processTicksAndRejections (internal/process/task_queues.js:84:9)"}}
[info] >  (node:36973) UnhandledPromiseRejectionWarning: Unhandled promise rejection. This error originated either by throwing inside of an async function without a catch block, or by rejecting a promise which was not handled with .catch(). (rejection id: 1) {"user":"(node:36973) UnhandledPromiseRejectionWarning: Unhandled promise rejection. This error originated either by throwing inside of an async function without a catch block, or by rejecting a promise which was not handled with .catch(). (rejection id: 1)","metadata":{"emulator":{"name":"functions"},"function":{"name":"api"},"message":"\u001b[90m> \u001b[39m (node:36973) UnhandledPromiseRejectionWarning: Unhandled promise rejection. This error originated either by throwing inside of an async function without a catch block, or by rejecting a promise which was not handled with .catch(). (rejection id: 1)"}}
[info] >  (node:36973) [DEP0018] DeprecationWarning: Unhandled promise rejections are deprecated. In the future, promise rejections that are not handled will terminate the Node.js process with a non-zero exit code. {"user":"(node:36973) [DEP0018] DeprecationWarning: Unhandled promise rejections are deprecated. In the future, promise rejections that are not handled will terminate the Node.js process with a non-zero exit code.","metadata":{"emulator":{"name":"functions"},"function":{"name":"api"},"message":"\u001b[90m> \u001b[39m (node:36973) [DEP0018] DeprecationWarning: Unhandled promise rejections are deprecated. In the future, promise rejections that are not handled will terminate the Node.js process with a non-zero exit code."}}
[warn] ⚠  functions: Your function timed out after ~60s. To configure this timeout, see
      https://firebase.google.com/docs/functions/manage-functions#set_timeout_and_memory_allocation. {"metadata":{"emulator":{"name":"functions"},"function":{"name":"api"},"message":"Your function timed out after ~60s. To configure this timeout, see\n      https://firebase.google.com/docs/functions/manage-functions#set_timeout_and_memory_allocation."}}
[info] >  /usr/local/lib/node_modules/firebase-tools/lib/emulator/functionsEmulatorRuntime.js:660 {"user":"/usr/local/lib/node_modules/firebase-tools/lib/emulator/functionsEmulatorRuntime.js:660","metadata":{"emulator":{"name":"functions"},"function":{"name":"api"},"message":"\u001b[90m> \u001b[39m /usr/local/lib/node_modules/firebase-tools/lib/emulator/functionsEmulatorRuntime.js:660"}}
[info] >                  throw new Error("Function timed out."); {"user":"                throw new Error(\"Function timed out.\");","metadata":{"emulator":{"name":"functions"},"function":{"name":"api"},"message":"\u001b[90m> \u001b[39m                 throw new Error(\"Function timed out.\");"}}
[info] >                  ^ {"user":"                ^","metadata":{"emulator":{"name":"functions"},"function":{"name":"api"},"message":"\u001b[90m> \u001b[39m                 ^"}}
[info] >   {"user":"","metadata":{"emulator":{"name":"functions"},"function":{"name":"api"},"message":"\u001b[90m> \u001b[39m "}}
[info] >  Error: Function timed out. {"user":"Error: Function timed out.","metadata":{"emulator":{"name":"functions"},"function":{"name":"api"},"message":"\u001b[90m> \u001b[39m Error: Function timed out."}}
[info] >      at Timeout._onTimeout (/usr/local/lib/node_modules/firebase-tools/lib/emulator/functionsEmulatorRuntime.js:660:23) {"user":"    at Timeout._onTimeout (/usr/local/lib/node_modules/firebase-tools/lib/emulator/functionsEmulatorRuntime.js:660:23)","metadata":{"emulator":{"name":"functions"},"function":{"name":"api"},"message":"\u001b[90m> \u001b[39m     at Timeout._onTimeout (/usr/local/lib/node_modules/firebase-tools/lib/emulator/functionsEmulatorRuntime.js:660:23)"}}
[info] >      at listOnTimeout (internal/timers.js:531:17) {"user":"    at listOnTimeout (internal/timers.js:531:17)","metadata":{"emulator":{"name":"functions"},"function":{"name":"api"},"message":"\u001b[90m> \u001b[39m     at listOnTimeout (internal/timers.js:531:17)"}}
[info] >      at processTimers (internal/timers.js:475:7) {"user":"    at processTimers (internal/timers.js:475:7)","metadata":{"emulator":{"name":"functions"},"function":{"name":"api"},"message":"\u001b[90m> \u001b[39m     at processTimers (internal/timers.js:475:7)"}}
[debug] [2020-11-25T04:10:05.331Z] [worker-api-607178b8-134a-4c59-8daf-a95a6dc0b816]: exited {"metadata":{"emulator":{"name":"functions"},"message":"[worker-api-607178b8-134a-4c59-8daf-a95a6dc0b816]: exited"}}
[debug] [2020-11-25T04:10:05.346Z] [worker-api-607178b8-134a-4c59-8daf-a95a6dc0b816]: FINISHED {"metadata":{"emulator":{"name":"functions"},"message":"[worker-api-607178b8-134a-4c59-8daf-a95a6dc0b816]: FINISHED"}}
[debug] [2020-11-25T04:10:05.346Z] [work-queue] {"queueLength":0,"workRunningCount":1}
[warn] ⚠  functions: Your function timed out after ~60s. To configure this timeout, see
      https://firebase.google.com/docs/functions/manage-functions#set_timeout_and_memory_allocation. {"metadata":{"emulator":{"name":"functions"},"function":{"name":"api"},"message":"Your function timed out after ~60s. To configure this timeout, see\n      https://firebase.google.com/docs/functions/manage-functions#set_timeout_and_memory_allocation."}}
[info] >  /usr/local/lib/node_modules/firebase-tools/lib/emulator/functionsEmulatorRuntime.js:660 {"user":"/usr/local/lib/node_modules/firebase-tools/lib/emulator/functionsEmulatorRuntime.js:660","metadata":{"emulator":{"name":"functions"},"function":{"name":"api"},"message":"\u001b[90m> \u001b[39m /usr/local/lib/node_modules/firebase-tools/lib/emulator/functionsEmulatorRuntime.js:660"}}
[info] >                  throw new Error("Function timed out."); {"user":"                throw new Error(\"Function timed out.\");","metadata":{"emulator":{"name":"functions"},"function":{"name":"api"},"message":"\u001b[90m> \u001b[39m                 throw new Error(\"Function timed out.\");"}}
[info] >                  ^ {"user":"                ^","metadata":{"emulator":{"name":"functions"},"function":{"name":"api"},"message":"\u001b[90m> \u001b[39m                 ^"}}
[info] >   {"user":"","metadata":{"emulator":{"name":"functions"},"function":{"name":"api"},"message":"\u001b[90m> \u001b[39m "}}
[info] >  Error: Function timed out. {"user":"Error: Function timed out.","metadata":{"emulator":{"name":"functions"},"function":{"name":"api"},"message":"\u001b[90m> \u001b[39m Error: Function timed out."}}
[info] >      at Timeout._onTimeout (/usr/local/lib/node_modules/firebase-tools/lib/emulator/functionsEmulatorRuntime.js:660:23) {"user":"    at Timeout._onTimeout (/usr/local/lib/node_modules/firebase-tools/lib/emulator/functionsEmulatorRuntime.js:660:23)","metadata":{"emulator":{"name":"functions"},"function":{"name":"api"},"message":"\u001b[90m> \u001b[39m     at Timeout._onTimeout (/usr/local/lib/node_modules/firebase-tools/lib/emulator/functionsEmulatorRuntime.js:660:23)"}}
[info] >      at listOnTimeout (internal/timers.js:531:17) {"user":"    at listOnTimeout (internal/timers.js:531:17)","metadata":{"emulator":{"name":"functions"},"function":{"name":"api"},"message":"\u001b[90m> \u001b[39m     at listOnTimeout (internal/timers.js:531:17)"}}
[info] >      at processTimers (internal/timers.js:475:7) {"user":"    at processTimers (internal/timers.js:475:7)","metadata":{"emulator":{"name":"functions"},"function":{"name":"api"},"message":"\u001b[90m> \u001b[39m     at processTimers (internal/timers.js:475:7)"}}
[debug] [2020-11-25T04:11:00.287Z] [worker-api-0d21d6d9-1719-4210-90ec-7dd1de276447]: exited {"metadata":{"emulator":{"name":"functions"},"message":"[worker-api-0d21d6d9-1719-4210-90ec-7dd1de276447]: exited"}}
[debug] [2020-11-25T04:11:00.288Z] [worker-api-0d21d6d9-1719-4210-90ec-7dd1de276447]: FINISHED {"metadata":{"emulator":{"name":"functions"},"message":"[worker-api-0d21d6d9-1719-4210-90ec-7dd1de276447]: FINISHED"}}
[debug] [2020-11-25T04:11:00.288Z] [work-queue] {"queueLength":0,"workRunningCount":0}
