[debug] [2020-12-27T17:05:58.879Z] ----------------------------------------------------------------------
[debug] [2020-12-27T17:05:58.884Z] Command:       /usr/local/bin/node /usr/local/bin/firebase emulators:start
[debug] [2020-12-27T17:05:58.885Z] CLI Version:   8.14.1
[debug] [2020-12-27T17:05:58.886Z] Platform:      darwin
[debug] [2020-12-27T17:05:58.886Z] Node Version:  v12.4.0
[debug] [2020-12-27T17:05:58.887Z] Time:          Sun Dec 27 2020 12:05:58 GMT-0500 (Eastern Standard Time)
[debug] [2020-12-27T17:05:58.888Z] ----------------------------------------------------------------------
[debug] [2020-12-27T17:05:58.888Z] 
[debug] [2020-12-27T17:05:58.908Z] > command requires scopes: ["email","openid","https://www.googleapis.com/auth/cloudplatformprojects.readonly","https://www.googleapis.com/auth/firebase","https://www.googleapis.com/auth/cloud-platform"]
[debug] [2020-12-27T17:05:58.908Z] > authorizing via signed-in user
[info] i  emulators: Starting emulators: functions, hosting {"metadata":{"emulator":{"name":"hub"},"message":"Starting emulators: functions, hosting"}}
[debug] [2020-12-27T17:05:58.932Z] [hub] writing locator at /var/folders/fp/0kwqj84n02g2pvctzpv_59jc0000gn/T/hub-macarons-store.json
[warn] ⚠  functions: The following emulators are not running, calls to these services from the Functions emulator will affect production: auth, firestore, database, pubsub {"metadata":{"emulator":{"name":"functions"},"message":"The following emulators are not running, calls to these services from the Functions emulator will affect production: \u001b[1mauth, firestore, database, pubsub\u001b[22m"}}
[info] ✔  functions: Using node@12 from host. {"metadata":{"emulator":{"name":"functions"},"message":"Using node@12 from host."}}
[debug] [2020-12-27T17:05:58.979Z] defaultcredentials: writing to file /Users/magdalenacbaran/.config/firebase/magdab_78b_gmail.com_application_default_credentials.json
[debug] [2020-12-27T17:05:58.984Z] Setting GAC to /Users/magdalenacbaran/.config/firebase/magdab_78b_gmail.com_application_default_credentials.json {"metadata":{"emulator":{"name":"functions"},"message":"Setting GAC to /Users/magdalenacbaran/.config/firebase/magdab_78b_gmail.com_application_default_credentials.json"}}
[debug] [2020-12-27T17:05:59.003Z] >>> HTTP REQUEST GET https://firebase.googleapis.com/v1beta1/projects/macarons-store/webApps/-/config  
 
[debug] [2020-12-27T17:05:59.476Z] <<< HTTP RESPONSE 200 {"content-type":"application/json; charset=UTF-8","vary":"X-Origin, Referer, Origin,Accept-Encoding","date":"Sun, 27 Dec 2020 17:06:00 GMT","server":"ESF","cache-control":"private","x-xss-protection":"0","x-frame-options":"SAMEORIGIN","x-content-type-options":"nosniff","alt-svc":"h3-29=\":443\"; ma=2592000,h3-T051=\":443\"; ma=2592000,h3-Q050=\":443\"; ma=2592000,h3-Q046=\":443\"; ma=2592000,h3-Q043=\":443\"; ma=2592000,quic=\":443\"; ma=2592000; v=\"46,43\"","accept-ranges":"none","transfer-encoding":"chunked"}
[info] i  hosting: Serving hosting files from: build {"metadata":{"emulator":{"name":"hosting"},"message":"Serving hosting files from: \u001b[1mbuild\u001b[22m"}}
[info] ✔  hosting: Local server: http://localhost:5000 {"metadata":{"emulator":{"name":"hosting"},"message":"Local server: \u001b[4m\u001b[1mhttp://localhost:5000\u001b[22m\u001b[24m"}}
[debug] [2020-12-27T17:05:59.547Z] Ignoring unsupported arg: auto_download {"metadata":{"emulator":{"name":"ui"},"message":"Ignoring unsupported arg: auto_download"}}
[debug] [2020-12-27T17:05:59.547Z] Ignoring unsupported arg: port {"metadata":{"emulator":{"name":"ui"},"message":"Ignoring unsupported arg: port"}}
[debug] [2020-12-27T17:05:59.547Z] Starting Emulator UI with command {"binary":"node","args":["/Users/magdalenacbaran/.cache/firebase/emulators/ui-v1.2.2/server.bundle.js"],"optionalArgs":[],"joinArgs":false} {"metadata":{"emulator":{"name":"ui"},"message":"Starting Emulator UI with command {\"binary\":\"node\",\"args\":[\"/Users/magdalenacbaran/.cache/firebase/emulators/ui-v1.2.2/server.bundle.js\"],\"optionalArgs\":[],\"joinArgs\":false}"}}
[info] i  ui: Emulator UI logging to ui-debug.log {"metadata":{"emulator":{"name":"ui"},"message":"Emulator UI logging to \u001b[1mui-debug.log\u001b[22m"}}
[debug] [2020-12-27T17:05:59.848Z] Web / API server started at http://localhost:4000
 {"metadata":{"emulator":{"name":"ui"},"message":"Web / API server started at http://localhost:4000\n"}}
[info] i  functions: Watching "/Users/magdalenacbaran/Desktop/udemy/myProjects/resume/React/macaron-store/macarons/functions" for Cloud Functions... {"metadata":{"emulator":{"name":"functions"},"message":"Watching \"/Users/magdalenacbaran/Desktop/udemy/myProjects/resume/React/macaron-store/macarons/functions\" for Cloud Functions..."}}
[debug] [2020-12-27T17:06:00.085Z] [worker-pool] addWorker(~diagnostic~) {"metadata":{"emulator":{"name":"functions"},"message":"[worker-pool] addWorker(~diagnostic~)"}}
[debug] [2020-12-27T17:06:00.086Z] [worker-pool] Adding worker with key ~diagnostic~, total=1 {"metadata":{"emulator":{"name":"functions"},"message":"[worker-pool] Adding worker with key ~diagnostic~, total=1"}}
[debug] [2020-12-27T17:06:00.086Z] [worker-pool] submitWork(triggerId=) {"metadata":{"emulator":{"name":"functions"},"message":"[worker-pool] submitWork(triggerId=)"}}
[debug] [2020-12-27T17:06:00.087Z] [worker-~diagnostic~-8604bf88-34e8-4a9f-9ea1-ae02ce68975a]: Assigning socketPath: /var/folders/fp/0kwqj84n02g2pvctzpv_59jc0000gn/T/fire_emu_18747.sock {"metadata":{"emulator":{"name":"functions"},"message":"[worker-~diagnostic~-8604bf88-34e8-4a9f-9ea1-ae02ce68975a]: Assigning socketPath: /var/folders/fp/0kwqj84n02g2pvctzpv_59jc0000gn/T/fire_emu_18747.sock"}}
[debug] [2020-12-27T17:06:00.087Z] [worker-~diagnostic~-8604bf88-34e8-4a9f-9ea1-ae02ce68975a]: BUSY {"metadata":{"emulator":{"name":"functions"},"message":"[worker-~diagnostic~-8604bf88-34e8-4a9f-9ea1-ae02ce68975a]: BUSY"}}
[debug] [2020-12-27T17:06:00.491Z] [runtime-status] [18747] Functions runtime initialized. {"cwd":"/Users/magdalenacbaran/Desktop/udemy/myProjects/resume/React/macaron-store/macarons/functions","node_version":"12.4.0"} {"metadata":{"emulator":{"name":"functions"},"message":"[runtime-status] [18747] Functions runtime initialized. {\"cwd\":\"/Users/magdalenacbaran/Desktop/udemy/myProjects/resume/React/macaron-store/macarons/functions\",\"node_version\":\"12.4.0\"}"}}
[debug] [2020-12-27T17:06:00.493Z] [runtime-status] [18747] Disabled runtime features: undefined {"metadata":{"emulator":{"name":"functions"},"message":"[runtime-status] [18747] Disabled runtime features: undefined"}}
[debug] [2020-12-27T17:06:00.497Z] [runtime-status] [18747] Resolved module firebase-admin {"declared":true,"installed":true,"version":"9.4.1","resolution":"/Users/magdalenacbaran/Desktop/udemy/myProjects/resume/React/macaron-store/macarons/functions/node_modules/firebase-admin/lib/index.js"} {"metadata":{"emulator":{"name":"functions"},"message":"[runtime-status] [18747] Resolved module firebase-admin {\"declared\":true,\"installed\":true,\"version\":\"9.4.1\",\"resolution\":\"/Users/magdalenacbaran/Desktop/udemy/myProjects/resume/React/macaron-store/macarons/functions/node_modules/firebase-admin/lib/index.js\"}"}}
[debug] [2020-12-27T17:06:00.500Z] [runtime-status] [18747] Resolved module firebase-functions {"declared":true,"installed":true,"version":"3.11.0","resolution":"/Users/magdalenacbaran/Desktop/udemy/myProjects/resume/React/macaron-store/macarons/functions/node_modules/firebase-functions/lib/index.js"} {"metadata":{"emulator":{"name":"functions"},"message":"[runtime-status] [18747] Resolved module firebase-functions {\"declared\":true,\"installed\":true,\"version\":\"3.11.0\",\"resolution\":\"/Users/magdalenacbaran/Desktop/udemy/myProjects/resume/React/macaron-store/macarons/functions/node_modules/firebase-functions/lib/index.js\"}"}}
[debug] [2020-12-27T17:06:00.501Z] [runtime-status] [18747] Resolved module firebase-functions {"declared":true,"installed":true,"version":"3.11.0","resolution":"/Users/magdalenacbaran/Desktop/udemy/myProjects/resume/React/macaron-store/macarons/functions/node_modules/firebase-functions/lib/index.js"} {"metadata":{"emulator":{"name":"functions"},"message":"[runtime-status] [18747] Resolved module firebase-functions {\"declared\":true,\"installed\":true,\"version\":\"3.11.0\",\"resolution\":\"/Users/magdalenacbaran/Desktop/udemy/myProjects/resume/React/macaron-store/macarons/functions/node_modules/firebase-functions/lib/index.js\"}"}}
[debug] [2020-12-27T17:06:00.504Z] [runtime-status] [18747] Outgoing network have been stubbed. [{"name":"http","status":"mocked"},{"name":"http","status":"mocked"},{"name":"https","status":"mocked"},{"name":"https","status":"mocked"},{"name":"net","status":"mocked"}] {"metadata":{"emulator":{"name":"functions"},"message":"[runtime-status] [18747] Outgoing network have been stubbed. [{\"name\":\"http\",\"status\":\"mocked\"},{\"name\":\"http\",\"status\":\"mocked\"},{\"name\":\"https\",\"status\":\"mocked\"},{\"name\":\"https\",\"status\":\"mocked\"},{\"name\":\"net\",\"status\":\"mocked\"}]"}}
[debug] [2020-12-27T17:06:00.505Z] [runtime-status] [18747] Resolved module firebase-functions {"declared":true,"installed":true,"version":"3.11.0","resolution":"/Users/magdalenacbaran/Desktop/udemy/myProjects/resume/React/macaron-store/macarons/functions/node_modules/firebase-functions/lib/index.js"} {"metadata":{"emulator":{"name":"functions"},"message":"[runtime-status] [18747] Resolved module firebase-functions {\"declared\":true,\"installed\":true,\"version\":\"3.11.0\",\"resolution\":\"/Users/magdalenacbaran/Desktop/udemy/myProjects/resume/React/macaron-store/macarons/functions/node_modules/firebase-functions/lib/index.js\"}"}}
[debug] [2020-12-27T17:06:00.616Z] [runtime-status] [18747] Checked functions.config() {"config":{}} {"metadata":{"emulator":{"name":"functions"},"message":"[runtime-status] [18747] Checked functions.config() {\"config\":{}}"}}
[debug] [2020-12-27T17:06:00.616Z] [runtime-status] [18747] firebase-functions has been stubbed. {"functionsResolution":{"declared":true,"installed":true,"version":"3.11.0","resolution":"/Users/magdalenacbaran/Desktop/udemy/myProjects/resume/React/macaron-store/macarons/functions/node_modules/firebase-functions/lib/index.js"}} {"metadata":{"emulator":{"name":"functions"},"message":"[runtime-status] [18747] firebase-functions has been stubbed. {\"functionsResolution\":{\"declared\":true,\"installed\":true,\"version\":\"3.11.0\",\"resolution\":\"/Users/magdalenacbaran/Desktop/udemy/myProjects/resume/React/macaron-store/macarons/functions/node_modules/firebase-functions/lib/index.js\"}}"}}
[debug] [2020-12-27T17:06:00.617Z] [runtime-status] [18747] Resolved module firebase-functions {"declared":true,"installed":true,"version":"3.11.0","resolution":"/Users/magdalenacbaran/Desktop/udemy/myProjects/resume/React/macaron-store/macarons/functions/node_modules/firebase-functions/lib/index.js"} {"metadata":{"emulator":{"name":"functions"},"message":"[runtime-status] [18747] Resolved module firebase-functions {\"declared\":true,\"installed\":true,\"version\":\"3.11.0\",\"resolution\":\"/Users/magdalenacbaran/Desktop/udemy/myProjects/resume/React/macaron-store/macarons/functions/node_modules/firebase-functions/lib/index.js\"}"}}
[debug] [2020-12-27T17:06:00.618Z] [runtime-status] [18747] Resolved module firebase-admin {"declared":true,"installed":true,"version":"9.4.1","resolution":"/Users/magdalenacbaran/Desktop/udemy/myProjects/resume/React/macaron-store/macarons/functions/node_modules/firebase-admin/lib/index.js"} {"metadata":{"emulator":{"name":"functions"},"message":"[runtime-status] [18747] Resolved module firebase-admin {\"declared\":true,\"installed\":true,\"version\":\"9.4.1\",\"resolution\":\"/Users/magdalenacbaran/Desktop/udemy/myProjects/resume/React/macaron-store/macarons/functions/node_modules/firebase-admin/lib/index.js\"}"}}
[debug] [2020-12-27T17:06:00.618Z] [runtime-status] [18747] Resolved module firebase-functions {"declared":true,"installed":true,"version":"3.11.0","resolution":"/Users/magdalenacbaran/Desktop/udemy/myProjects/resume/React/macaron-store/macarons/functions/node_modules/firebase-functions/lib/index.js"} {"metadata":{"emulator":{"name":"functions"},"message":"[runtime-status] [18747] Resolved module firebase-functions {\"declared\":true,\"installed\":true,\"version\":\"3.11.0\",\"resolution\":\"/Users/magdalenacbaran/Desktop/udemy/myProjects/resume/React/macaron-store/macarons/functions/node_modules/firebase-functions/lib/index.js\"}"}}
[debug] [2020-12-27T17:06:00.619Z] [runtime-status] [18747] firebase-admin has been stubbed. {"adminResolution":{"declared":true,"installed":true,"version":"9.4.1","resolution":"/Users/magdalenacbaran/Desktop/udemy/myProjects/resume/React/macaron-store/macarons/functions/node_modules/firebase-admin/lib/index.js"}} {"metadata":{"emulator":{"name":"functions"},"message":"[runtime-status] [18747] firebase-admin has been stubbed. {\"adminResolution\":{\"declared\":true,\"installed\":true,\"version\":\"9.4.1\",\"resolution\":\"/Users/magdalenacbaran/Desktop/udemy/myProjects/resume/React/macaron-store/macarons/functions/node_modules/firebase-admin/lib/index.js\"}}"}}
[info] ✔  functions[api]: http function initialized (http://localhost:5001/macarons-store/us-central1/api). {"metadata":{"emulator":{"name":"functions"},"message":"\u001b[1mhttp\u001b[22m function initialized (http://localhost:5001/macarons-store/us-central1/api)."}}
[info] 
┌───────────────────────────────────────────────────────────────────────┐
│ ✔  All emulators ready! View status and logs at http://localhost:4000 │
└───────────────────────────────────────────────────────────────────────┘

┌───────────┬────────────────┬─────────────────────────────────┐
│ Emulator  │ Host:Port      │ View in Emulator UI             │
├───────────┼────────────────┼─────────────────────────────────┤
│ Functions │ localhost:5001 │ http://localhost:4000/functions │
├───────────┼────────────────┼─────────────────────────────────┤
│ Hosting   │ localhost:5000 │ n/a                             │
└───────────┴────────────────┴─────────────────────────────────┘
  Other reserved ports: 4400, 4500

Issues? Report them at https://github.com/firebase/firebase-tools/issues and attach the *-debug.log files.
 
[debug] [2020-12-27T17:06:01.061Z] [worker-~diagnostic~-8604bf88-34e8-4a9f-9ea1-ae02ce68975a]: IDLE {"metadata":{"emulator":{"name":"functions"},"message":"[worker-~diagnostic~-8604bf88-34e8-4a9f-9ea1-ae02ce68975a]: IDLE"}}
[debug] [2020-12-27T17:06:44.280Z] [work-queue] {"queueLength":1,"workRunningCount":0}
[debug] [2020-12-27T17:06:44.281Z] [work-queue] {"queueLength":0,"workRunningCount":1}
[debug] [2020-12-27T17:06:44.282Z] Accepted request GET /macarons-store/us-central1/api --> api
[debug] [2020-12-27T17:06:44.286Z] [worker-pool] addWorker(api) {"metadata":{"emulator":{"name":"functions"},"message":"[worker-pool] addWorker(api)"}}
[debug] [2020-12-27T17:06:44.286Z] [worker-pool] Adding worker with key api, total=1 {"metadata":{"emulator":{"name":"functions"},"message":"[worker-pool] Adding worker with key api, total=1"}}
[debug] [2020-12-27T17:06:44.286Z] [worker-pool] submitWork(triggerId=api) {"metadata":{"emulator":{"name":"functions"},"message":"[worker-pool] submitWork(triggerId=api)"}}
[debug] [2020-12-27T17:06:44.287Z] [worker-api-264966de-971d-4464-987f-ccbd291cb58a]: Assigning socketPath: /var/folders/fp/0kwqj84n02g2pvctzpv_59jc0000gn/T/fire_emu_18787.sock {"metadata":{"emulator":{"name":"functions"},"message":"[worker-api-264966de-971d-4464-987f-ccbd291cb58a]: Assigning socketPath: /var/folders/fp/0kwqj84n02g2pvctzpv_59jc0000gn/T/fire_emu_18787.sock"}}
[debug] [2020-12-27T17:06:44.287Z] [worker-api-264966de-971d-4464-987f-ccbd291cb58a]: BUSY {"metadata":{"emulator":{"name":"functions"},"message":"[worker-api-264966de-971d-4464-987f-ccbd291cb58a]: BUSY"}}
[debug] [2020-12-27T17:06:45.258Z] [runtime-status] [18787] Functions runtime initialized. {"cwd":"/Users/magdalenacbaran/Desktop/udemy/myProjects/resume/React/macaron-store/macarons/functions","node_version":"12.4.0"} {"metadata":{"emulator":{"name":"functions"},"function":{"name":"api"},"message":"[runtime-status] [18787] Functions runtime initialized. {\"cwd\":\"/Users/magdalenacbaran/Desktop/udemy/myProjects/resume/React/macaron-store/macarons/functions\",\"node_version\":\"12.4.0\"}"}}
[debug] [2020-12-27T17:06:45.261Z] [runtime-status] [18787] Disabled runtime features: undefined {"metadata":{"emulator":{"name":"functions"},"function":{"name":"api"},"message":"[runtime-status] [18787] Disabled runtime features: undefined"}}
[debug] [2020-12-27T17:06:45.266Z] [runtime-status] [18787] Resolved module firebase-admin {"declared":true,"installed":true,"version":"9.4.1","resolution":"/Users/magdalenacbaran/Desktop/udemy/myProjects/resume/React/macaron-store/macarons/functions/node_modules/firebase-admin/lib/index.js"} {"metadata":{"emulator":{"name":"functions"},"function":{"name":"api"},"message":"[runtime-status] [18787] Resolved module firebase-admin {\"declared\":true,\"installed\":true,\"version\":\"9.4.1\",\"resolution\":\"/Users/magdalenacbaran/Desktop/udemy/myProjects/resume/React/macaron-store/macarons/functions/node_modules/firebase-admin/lib/index.js\"}"}}
[debug] [2020-12-27T17:06:45.268Z] [runtime-status] [18787] Resolved module firebase-functions {"declared":true,"installed":true,"version":"3.11.0","resolution":"/Users/magdalenacbaran/Desktop/udemy/myProjects/resume/React/macaron-store/macarons/functions/node_modules/firebase-functions/lib/index.js"} {"metadata":{"emulator":{"name":"functions"},"function":{"name":"api"},"message":"[runtime-status] [18787] Resolved module firebase-functions {\"declared\":true,\"installed\":true,\"version\":\"3.11.0\",\"resolution\":\"/Users/magdalenacbaran/Desktop/udemy/myProjects/resume/React/macaron-store/macarons/functions/node_modules/firebase-functions/lib/index.js\"}"}}
[debug] [2020-12-27T17:06:45.270Z] [runtime-status] [18787] Resolved module firebase-functions {"declared":true,"installed":true,"version":"3.11.0","resolution":"/Users/magdalenacbaran/Desktop/udemy/myProjects/resume/React/macaron-store/macarons/functions/node_modules/firebase-functions/lib/index.js"} {"metadata":{"emulator":{"name":"functions"},"function":{"name":"api"},"message":"[runtime-status] [18787] Resolved module firebase-functions {\"declared\":true,\"installed\":true,\"version\":\"3.11.0\",\"resolution\":\"/Users/magdalenacbaran/Desktop/udemy/myProjects/resume/React/macaron-store/macarons/functions/node_modules/firebase-functions/lib/index.js\"}"}}
[debug] [2020-12-27T17:06:45.273Z] [runtime-status] [18787] Outgoing network have been stubbed. [{"name":"http","status":"mocked"},{"name":"http","status":"mocked"},{"name":"https","status":"mocked"},{"name":"https","status":"mocked"},{"name":"net","status":"mocked"}] {"metadata":{"emulator":{"name":"functions"},"function":{"name":"api"},"message":"[runtime-status] [18787] Outgoing network have been stubbed. [{\"name\":\"http\",\"status\":\"mocked\"},{\"name\":\"http\",\"status\":\"mocked\"},{\"name\":\"https\",\"status\":\"mocked\"},{\"name\":\"https\",\"status\":\"mocked\"},{\"name\":\"net\",\"status\":\"mocked\"}]"}}
[debug] [2020-12-27T17:06:45.274Z] [runtime-status] [18787] Resolved module firebase-functions {"declared":true,"installed":true,"version":"3.11.0","resolution":"/Users/magdalenacbaran/Desktop/udemy/myProjects/resume/React/macaron-store/macarons/functions/node_modules/firebase-functions/lib/index.js"} {"metadata":{"emulator":{"name":"functions"},"function":{"name":"api"},"message":"[runtime-status] [18787] Resolved module firebase-functions {\"declared\":true,\"installed\":true,\"version\":\"3.11.0\",\"resolution\":\"/Users/magdalenacbaran/Desktop/udemy/myProjects/resume/React/macaron-store/macarons/functions/node_modules/firebase-functions/lib/index.js\"}"}}
[debug] [2020-12-27T17:06:45.339Z] [runtime-status] [18787] Checked functions.config() {"config":{}} {"metadata":{"emulator":{"name":"functions"},"function":{"name":"api"},"message":"[runtime-status] [18787] Checked functions.config() {\"config\":{}}"}}
[debug] [2020-12-27T17:06:45.339Z] [runtime-status] [18787] firebase-functions has been stubbed. {"functionsResolution":{"declared":true,"installed":true,"version":"3.11.0","resolution":"/Users/magdalenacbaran/Desktop/udemy/myProjects/resume/React/macaron-store/macarons/functions/node_modules/firebase-functions/lib/index.js"}} {"metadata":{"emulator":{"name":"functions"},"function":{"name":"api"},"message":"[runtime-status] [18787] firebase-functions has been stubbed. {\"functionsResolution\":{\"declared\":true,\"installed\":true,\"version\":\"3.11.0\",\"resolution\":\"/Users/magdalenacbaran/Desktop/udemy/myProjects/resume/React/macaron-store/macarons/functions/node_modules/firebase-functions/lib/index.js\"}}"}}
[debug] [2020-12-27T17:06:45.341Z] [runtime-status] [18787] Resolved module firebase-functions {"declared":true,"installed":true,"version":"3.11.0","resolution":"/Users/magdalenacbaran/Desktop/udemy/myProjects/resume/React/macaron-store/macarons/functions/node_modules/firebase-functions/lib/index.js"} {"metadata":{"emulator":{"name":"functions"},"function":{"name":"api"},"message":"[runtime-status] [18787] Resolved module firebase-functions {\"declared\":true,\"installed\":true,\"version\":\"3.11.0\",\"resolution\":\"/Users/magdalenacbaran/Desktop/udemy/myProjects/resume/React/macaron-store/macarons/functions/node_modules/firebase-functions/lib/index.js\"}"}}
[debug] [2020-12-27T17:06:45.342Z] [runtime-status] [18787] Resolved module firebase-admin {"declared":true,"installed":true,"version":"9.4.1","resolution":"/Users/magdalenacbaran/Desktop/udemy/myProjects/resume/React/macaron-store/macarons/functions/node_modules/firebase-admin/lib/index.js"} {"metadata":{"emulator":{"name":"functions"},"function":{"name":"api"},"message":"[runtime-status] [18787] Resolved module firebase-admin {\"declared\":true,\"installed\":true,\"version\":\"9.4.1\",\"resolution\":\"/Users/magdalenacbaran/Desktop/udemy/myProjects/resume/React/macaron-store/macarons/functions/node_modules/firebase-admin/lib/index.js\"}"}}
[debug] [2020-12-27T17:06:45.342Z] [runtime-status] [18787] Resolved module firebase-functions {"declared":true,"installed":true,"version":"3.11.0","resolution":"/Users/magdalenacbaran/Desktop/udemy/myProjects/resume/React/macaron-store/macarons/functions/node_modules/firebase-functions/lib/index.js"} {"metadata":{"emulator":{"name":"functions"},"function":{"name":"api"},"message":"[runtime-status] [18787] Resolved module firebase-functions {\"declared\":true,\"installed\":true,\"version\":\"3.11.0\",\"resolution\":\"/Users/magdalenacbaran/Desktop/udemy/myProjects/resume/React/macaron-store/macarons/functions/node_modules/firebase-functions/lib/index.js\"}"}}
[debug] [2020-12-27T17:06:45.343Z] [runtime-status] [18787] firebase-admin has been stubbed. {"adminResolution":{"declared":true,"installed":true,"version":"9.4.1","resolution":"/Users/magdalenacbaran/Desktop/udemy/myProjects/resume/React/macaron-store/macarons/functions/node_modules/firebase-admin/lib/index.js"}} {"metadata":{"emulator":{"name":"functions"},"function":{"name":"api"},"message":"[runtime-status] [18787] firebase-admin has been stubbed. {\"adminResolution\":{\"declared\":true,\"installed\":true,\"version\":\"9.4.1\",\"resolution\":\"/Users/magdalenacbaran/Desktop/udemy/myProjects/resume/React/macaron-store/macarons/functions/node_modules/firebase-admin/lib/index.js\"}}"}}
[debug] [2020-12-27T17:06:45.517Z] [runtime-status] [18787] Trigger "api" has been found, beginning invocation! {"metadata":{"emulator":{"name":"functions"},"function":{"name":"api"},"message":"[runtime-status] [18787] Trigger \"api\" has been found, beginning invocation!"}}
[info] i  functions: Beginning execution of "api" {"metadata":{"emulator":{"name":"functions"},"function":{"name":"api"},"message":"Beginning execution of \"api\""}}
[debug] [2020-12-27T17:06:45.519Z] [runtime-status] [18787] triggerDefinition {"httpsTrigger":{},"name":"api","entryPoint":"api"} {"metadata":{"emulator":{"name":"functions"},"function":{"name":"api"},"message":"[runtime-status] [18787] triggerDefinition {\"httpsTrigger\":{},\"name\":\"api\",\"entryPoint\":\"api\"}"}}
[debug] [2020-12-27T17:06:45.519Z] [runtime-status] [18787] Running api in mode HTTPS {"metadata":{"emulator":{"name":"functions"},"function":{"name":"api"},"message":"[runtime-status] [18787] Running api in mode HTTPS"}}
[debug] [2020-12-27T17:06:45.526Z] [runtime-status] [18787] Attempting to listen to socketPath: /var/folders/fp/0kwqj84n02g2pvctzpv_59jc0000gn/T/fire_emu_18787.sock {"metadata":{"emulator":{"name":"functions"},"function":{"name":"api"},"message":"[runtime-status] [18787] Attempting to listen to socketPath: /var/folders/fp/0kwqj84n02g2pvctzpv_59jc0000gn/T/fire_emu_18787.sock"}}
[debug] [2020-12-27T17:06:45.531Z] [functions] Runtime ready! Sending request! {"metadata":{"emulator":{"name":"functions"},"message":"[functions] Runtime ready! Sending request!"}}
[debug] [2020-12-27T17:06:45.546Z] [runtime-status] [18787] Ephemeral server handling GET request {"metadata":{"emulator":{"name":"functions"},"function":{"name":"api"},"message":"[runtime-status] [18787] Ephemeral server handling GET request"}}
[debug] [2020-12-27T17:06:45.562Z] [runtime-status] [18787] Ephemeral server survived. {"metadata":{"emulator":{"name":"functions"},"function":{"name":"api"},"message":"[runtime-status] [18787] Ephemeral server survived."}}
[info] i  functions: Finished "api" in ~1s {"metadata":{"emulator":{"name":"functions"},"function":{"name":"api"},"message":"Finished \"api\" in ~1s"}}
[debug] [2020-12-27T17:06:45.603Z] [worker-api-264966de-971d-4464-987f-ccbd291cb58a]: IDLE {"metadata":{"emulator":{"name":"functions"},"message":"[worker-api-264966de-971d-4464-987f-ccbd291cb58a]: IDLE"}}
[debug] [2020-12-27T17:06:45.604Z] [work-queue] {"queueLength":0,"workRunningCount":0}
[debug] [2020-12-27T17:06:45.989Z] Functions emulator received unknown request at path /favicon.ico
[debug] [2020-12-27T19:55:00.356Z] Received signal SIGHUP 1
